#
# There is insufficient memory for the Java Runtime Environment to continue.
# Native memory allocation (malloc) failed to allocate 491088 bytes for Chunk::new
# Possible reasons:
#   The system is out of physical RAM or swap space
#   The process is running with CompressedOops enabled, and the Java Heap may be blocking the growth of the native heap
# Possible solutions:
#   Reduce memory load on the system
#   Increase physical memory or swap space
#   Check if swap backing store is full
#   Decrease Java heap size (-Xmx/-Xms)
#   Decrease number of Java threads
#   Decrease Java thread stack sizes (-Xss)
#   Set larger code cache with -XX:ReservedCodeCacheSize=
#   JVM is running with Unscaled Compressed Oops mode in which the Java heap is
#     placed in the first 4GB address space. The Java Heap base address is the
#     maximum limit for the native heap growth. Please use -XX:HeapBaseMinAddress
#     to set the Java Heap base and to place the Java Heap above 4GB virtual address.
# This output file may be truncated or incomplete.
#
#  Out of Memory Error (./open/src/hotspot/share/memory/arena.cpp:195), pid=6448, tid=16024
#
# JRE version: Java(TM) SE Runtime Environment (15.0.2+7) (build 15.0.2+7-27)
# Java VM: Java HotSpot(TM) 64-Bit Server VM (15.0.2+7-27, mixed mode, sharing, tiered, compressed oops, g1 gc, windows-amd64)
# No core dump will be written. Minidumps are not enabled by default on client versions of Windows
#

---------------  S U M M A R Y ------------

Command Line: -Dfile.encoding=UTF-8 -XX:+ShowCodeDetailsInExceptionMessages io.swagger.Swagger2SpringBoot

Host: Intel(R) Core(TM) i5-9300H CPU @ 2.40GHz, 8 cores, 7G,  Windows 10 , 64 bit Build 19041 (10.0.19041.1889)
Time: Sun Sep 11 12:59:39 2022 India Standard Time elapsed time: 1.461809 seconds (0d 0h 0m 1s)

---------------  T H R E A D  ---------------

Current thread (0x000002ade8a0e2d0):  JavaThread "C2 CompilerThread0" daemon [_thread_in_native, id=16024, stack(0x000000ed96e00000,0x000000ed96f00000)]


Current CompileTask:
C2:   1461 1383       4       jdk.internal.loader.URLClassPath::getResource (74 bytes)

Stack: [0x000000ed96e00000,0x000000ed96f00000]
Native frames: (J=compiled Java code, j=interpreted, Vv=VM code, C=native code)
V  [jvm.dll+0x62ae9a]
V  [jvm.dll+0x7817a9]
V  [jvm.dll+0x782f03]
V  [jvm.dll+0x783563]
V  [jvm.dll+0x216325]
V  [jvm.dll+0x97f3a]
V  [jvm.dll+0x9861c]
V  [jvm.dll+0x32e305]
V  [jvm.dll+0x2f768a]
V  [jvm.dll+0x2f6a4a]
V  [jvm.dll+0x1ea705]
V  [jvm.dll+0x1e996e]
V  [jvm.dll+0x178567]
V  [jvm.dll+0x1f9225]
V  [jvm.dll+0x1f72cc]
V  [jvm.dll+0x74495d]
V  [jvm.dll+0x73d75a]
V  [jvm.dll+0x629c56]
C  [ucrtbase.dll+0x21bb2]
C  [KERNEL32.DLL+0x17034]
C  [ntdll.dll+0x52651]


---------------  P R O C E S S  ---------------

Threads class SMR info:
_java_thread_list=0x000002ade9f0f6c0, length=12, elements={
0x000002adc9fbb180, 0x000002ade89e9020, 0x000002ade89ea390, 0x000002ade89ff640,
0x000002ade8a02010, 0x000002ade8a04270, 0x000002ade8a0e2d0, 0x000002ade8a0f370,
0x000002ade8a1d030, 0x000002ade942b620, 0x000002ade944b300, 0x000002ade9e45cf0
}

Java Threads: ( => current thread )
  0x000002adc9fbb180 JavaThread "main" [_thread_in_Java, id=16352, stack(0x000000ed96200000,0x000000ed96300000)]
  0x000002ade89e9020 JavaThread "Reference Handler" daemon [_thread_blocked, id=19004, stack(0x000000ed96900000,0x000000ed96a00000)]
  0x000002ade89ea390 JavaThread "Finalizer" daemon [_thread_blocked, id=16008, stack(0x000000ed96a00000,0x000000ed96b00000)]
  0x000002ade89ff640 JavaThread "Signal Dispatcher" daemon [_thread_blocked, id=21812, stack(0x000000ed96b00000,0x000000ed96c00000)]
  0x000002ade8a02010 JavaThread "Attach Listener" daemon [_thread_blocked, id=9988, stack(0x000000ed96c00000,0x000000ed96d00000)]
  0x000002ade8a04270 JavaThread "Service Thread" daemon [_thread_blocked, id=18176, stack(0x000000ed96d00000,0x000000ed96e00000)]
=>0x000002ade8a0e2d0 JavaThread "C2 CompilerThread0" daemon [_thread_in_native, id=16024, stack(0x000000ed96e00000,0x000000ed96f00000)]
  0x000002ade8a0f370 JavaThread "C1 CompilerThread0" daemon [_thread_in_native, id=17556, stack(0x000000ed96f00000,0x000000ed97000000)]
  0x000002ade8a1d030 JavaThread "Sweeper thread" daemon [_thread_blocked, id=11312, stack(0x000000ed97000000,0x000000ed97100000)]
  0x000002ade942b620 JavaThread "Notification Thread" daemon [_thread_blocked, id=15208, stack(0x000000ed97100000,0x000000ed97200000)]
  0x000002ade944b300 JavaThread "Common-Cleaner" daemon [_thread_blocked, id=20084, stack(0x000000ed97300000,0x000000ed97400000)]
  0x000002ade9e45cf0 JavaThread "background-preinit" [_thread_in_vm, id=10204, stack(0x000000ed97400000,0x000000ed97500000)]

Other Threads:
  0x000002ade89e4ff0 VMThread "VM Thread" [stack: 0x000000ed96800000,0x000000ed96900000] [id=11784]
  0x000002ade94396a0 WatcherThread [stack: 0x000000ed97200000,0x000000ed97300000] [id=6292]
  0x000002adc9ffd0e0 GCTaskThread "GC Thread#0" [stack: 0x000000ed96300000,0x000000ed96400000] [id=3948]
  0x000002ade9ace3d0 GCTaskThread "GC Thread#1" [stack: 0x000000ed97500000,0x000000ed97600000] [id=3216]
  0x000002ade9acf090 GCTaskThread "GC Thread#2" [stack: 0x000000ed97600000,0x000000ed97700000] [id=7232]
  0x000002ade9acda40 GCTaskThread "GC Thread#3" [stack: 0x000000ed97700000,0x000000ed97800000] [id=9848]
  0x000002adca00e520 ConcurrentGCThread "G1 Main Marker" [stack: 0x000000ed96400000,0x000000ed96500000] [id=3268]
  0x000002adca00f110 ConcurrentGCThread "G1 Conc#0" [stack: 0x000000ed96500000,0x000000ed96600000] [id=2104]
  0x000002adca087500 ConcurrentGCThread "G1 Refine#0" [stack: 0x000000ed96600000,0x000000ed96700000] [id=20444]
  0x000002ade9f46c70 ConcurrentGCThread "G1 Refine#1" [stack: 0x000000ed97800000,0x000000ed97900000] [id=20224]
  0x000002ade8860090 ConcurrentGCThread "G1 Young RemSet Sampling" [stack: 0x000000ed96700000,0x000000ed96800000] [id=11968]

Threads with active compile tasks:
C2 CompilerThread0     1499 1383       4       jdk.internal.loader.URLClassPath::getResource (74 bytes)
C1 CompilerThread0     1499 1454       3       org.springframework.util.StringUtils::replace (132 bytes)

VM state: not at safepoint (normal execution)

VM Mutex/Monitor currently owned by a thread: None

Heap address: 0x0000000082600000, size: 2010 MB, Compressed Oops mode: 32-bit
CDS archive(s) mapped at: [0x0000000800000000-0x0000000800b50000-0x0000000800b50000), size 11862016, SharedBaseAddress: 0x0000000800000000, ArchiveRelocationMode: 0.
Compressed class space mapped at: 0x0000000800b50000-0x0000000840b50000, size: 1073741824
Narrow klass base: 0x0000000800000000, Narrow klass shift: 3, Narrow klass range: 0x100000000

GC Precious Log:
 CPUs: 8 total, 8 available
 Memory: 8036M
 Large Page Support: Disabled
 NUMA Support: Disabled
 Compressed Oops: Enabled (32-bit)
 Heap Region Size: 1M
 Heap Min Capacity: 8M
 Heap Initial Capacity: 126M
 Heap Max Capacity: 2010M
 Pre-touch: Disabled
 Parallel Workers: 8
 Concurrent Workers: 2
 Concurrent Refinement Workers: 8
 Periodic GC: Disabled

Heap:
 garbage-first heap   total 129024K, used 23372K [0x0000000082600000, 0x0000000100000000)
  region size 1024K, 22 young (22528K), 3 survivors (3072K)
 Metaspace       used 11558K, capacity 12042K, committed 12288K, reserved 1060864K
  class space    used 1375K, capacity 1413K, committed 1536K, reserved 1048576K

Heap Regions: E=young(eden), S=young(survivor), O=old, HS=humongous(starts), HC=humongous(continues), CS=collection set, F=free, OA=open archive, CA=closed archive, TAMS=top-at-mark-start (previous, next)
|   0|0x0000000082600000, 0x0000000082700000, 0x0000000082700000|100%| O|  |TAMS 0x0000000082600000, 0x0000000082600000| Untracked 
|   1|0x0000000082700000, 0x0000000082800000, 0x0000000082800000|100%| O|  |TAMS 0x0000000082700000, 0x0000000082700000| Untracked 
|   2|0x0000000082800000, 0x00000000828d3200, 0x0000000082900000| 82%| O|  |TAMS 0x0000000082800000, 0x0000000082800000| Untracked 
|   3|0x0000000082900000, 0x0000000082900000, 0x0000000082a00000|  0%| F|  |TAMS 0x0000000082900000, 0x0000000082900000| Untracked 
|   4|0x0000000082a00000, 0x0000000082a00000, 0x0000000082b00000|  0%| F|  |TAMS 0x0000000082a00000, 0x0000000082a00000| Untracked 
|   5|0x0000000082b00000, 0x0000000082b00000, 0x0000000082c00000|  0%| F|  |TAMS 0x0000000082b00000, 0x0000000082b00000| Untracked 
|   6|0x0000000082c00000, 0x0000000082c00000, 0x0000000082d00000|  0%| F|  |TAMS 0x0000000082c00000, 0x0000000082c00000| Untracked 
|   7|0x0000000082d00000, 0x0000000082d00000, 0x0000000082e00000|  0%| F|  |TAMS 0x0000000082d00000, 0x0000000082d00000| Untracked 
|   8|0x0000000082e00000, 0x0000000082e00000, 0x0000000082f00000|  0%| F|  |TAMS 0x0000000082e00000, 0x0000000082e00000| Untracked 
|   9|0x0000000082f00000, 0x0000000082f00000, 0x0000000083000000|  0%| F|  |TAMS 0x0000000082f00000, 0x0000000082f00000| Untracked 
|  10|0x0000000083000000, 0x0000000083000000, 0x0000000083100000|  0%| F|  |TAMS 0x0000000083000000, 0x0000000083000000| Untracked 
|  11|0x0000000083100000, 0x0000000083100000, 0x0000000083200000|  0%| F|  |TAMS 0x0000000083100000, 0x0000000083100000| Untracked 
|  12|0x0000000083200000, 0x0000000083200000, 0x0000000083300000|  0%| F|  |TAMS 0x0000000083200000, 0x0000000083200000| Untracked 
|  13|0x0000000083300000, 0x0000000083300000, 0x0000000083400000|  0%| F|  |TAMS 0x0000000083300000, 0x0000000083300000| Untracked 
|  14|0x0000000083400000, 0x0000000083400000, 0x0000000083500000|  0%| F|  |TAMS 0x0000000083400000, 0x0000000083400000| Untracked 
|  15|0x0000000083500000, 0x0000000083500000, 0x0000000083600000|  0%| F|  |TAMS 0x0000000083500000, 0x0000000083500000| Untracked 
|  16|0x0000000083600000, 0x0000000083600000, 0x0000000083700000|  0%| F|  |TAMS 0x0000000083600000, 0x0000000083600000| Untracked 
|  17|0x0000000083700000, 0x0000000083700000, 0x0000000083800000|  0%| F|  |TAMS 0x0000000083700000, 0x0000000083700000| Untracked 
|  18|0x0000000083800000, 0x0000000083800000, 0x0000000083900000|  0%| F|  |TAMS 0x0000000083800000, 0x0000000083800000| Untracked 
|  19|0x0000000083900000, 0x0000000083900000, 0x0000000083a00000|  0%| F|  |TAMS 0x0000000083900000, 0x0000000083900000| Untracked 
|  20|0x0000000083a00000, 0x0000000083a00000, 0x0000000083b00000|  0%| F|  |TAMS 0x0000000083a00000, 0x0000000083a00000| Untracked 
|  21|0x0000000083b00000, 0x0000000083b00000, 0x0000000083c00000|  0%| F|  |TAMS 0x0000000083b00000, 0x0000000083b00000| Untracked 
|  22|0x0000000083c00000, 0x0000000083c00000, 0x0000000083d00000|  0%| F|  |TAMS 0x0000000083c00000, 0x0000000083c00000| Untracked 
|  23|0x0000000083d00000, 0x0000000083d00000, 0x0000000083e00000|  0%| F|  |TAMS 0x0000000083d00000, 0x0000000083d00000| Untracked 
|  24|0x0000000083e00000, 0x0000000083e00000, 0x0000000083f00000|  0%| F|  |TAMS 0x0000000083e00000, 0x0000000083e00000| Untracked 
|  25|0x0000000083f00000, 0x0000000083f00000, 0x0000000084000000|  0%| F|  |TAMS 0x0000000083f00000, 0x0000000083f00000| Untracked 
|  26|0x0000000084000000, 0x0000000084000000, 0x0000000084100000|  0%| F|  |TAMS 0x0000000084000000, 0x0000000084000000| Untracked 
|  27|0x0000000084100000, 0x0000000084100000, 0x0000000084200000|  0%| F|  |TAMS 0x0000000084100000, 0x0000000084100000| Untracked 
|  28|0x0000000084200000, 0x0000000084200000, 0x0000000084300000|  0%| F|  |TAMS 0x0000000084200000, 0x0000000084200000| Untracked 
|  29|0x0000000084300000, 0x0000000084300000, 0x0000000084400000|  0%| F|  |TAMS 0x0000000084300000, 0x0000000084300000| Untracked 
|  30|0x0000000084400000, 0x0000000084400000, 0x0000000084500000|  0%| F|  |TAMS 0x0000000084400000, 0x0000000084400000| Untracked 
|  31|0x0000000084500000, 0x0000000084500000, 0x0000000084600000|  0%| F|  |TAMS 0x0000000084500000, 0x0000000084500000| Untracked 
|  32|0x0000000084600000, 0x0000000084600000, 0x0000000084700000|  0%| F|  |TAMS 0x0000000084600000, 0x0000000084600000| Untracked 
|  33|0x0000000084700000, 0x0000000084700000, 0x0000000084800000|  0%| F|  |TAMS 0x0000000084700000, 0x0000000084700000| Untracked 
|  34|0x0000000084800000, 0x0000000084800000, 0x0000000084900000|  0%| F|  |TAMS 0x0000000084800000, 0x0000000084800000| Untracked 
|  35|0x0000000084900000, 0x0000000084900000, 0x0000000084a00000|  0%| F|  |TAMS 0x0000000084900000, 0x0000000084900000| Untracked 
|  36|0x0000000084a00000, 0x0000000084a00000, 0x0000000084b00000|  0%| F|  |TAMS 0x0000000084a00000, 0x0000000084a00000| Untracked 
|  37|0x0000000084b00000, 0x0000000084b00000, 0x0000000084c00000|  0%| F|  |TAMS 0x0000000084b00000, 0x0000000084b00000| Untracked 
|  38|0x0000000084c00000, 0x0000000084c00000, 0x0000000084d00000|  0%| F|  |TAMS 0x0000000084c00000, 0x0000000084c00000| Untracked 
|  39|0x0000000084d00000, 0x0000000084d00000, 0x0000000084e00000|  0%| F|  |TAMS 0x0000000084d00000, 0x0000000084d00000| Untracked 
|  40|0x0000000084e00000, 0x0000000084e00000, 0x0000000084f00000|  0%| F|  |TAMS 0x0000000084e00000, 0x0000000084e00000| Untracked 
|  41|0x0000000084f00000, 0x0000000084f00000, 0x0000000085000000|  0%| F|  |TAMS 0x0000000084f00000, 0x0000000084f00000| Untracked 
|  42|0x0000000085000000, 0x0000000085000000, 0x0000000085100000|  0%| F|  |TAMS 0x0000000085000000, 0x0000000085000000| Untracked 
|  43|0x0000000085100000, 0x0000000085100000, 0x0000000085200000|  0%| F|  |TAMS 0x0000000085100000, 0x0000000085100000| Untracked 
|  44|0x0000000085200000, 0x0000000085200000, 0x0000000085300000|  0%| F|  |TAMS 0x0000000085200000, 0x0000000085200000| Untracked 
|  45|0x0000000085300000, 0x0000000085300000, 0x0000000085400000|  0%| F|  |TAMS 0x0000000085300000, 0x0000000085300000| Untracked 
|  46|0x0000000085400000, 0x0000000085400000, 0x0000000085500000|  0%| F|  |TAMS 0x0000000085400000, 0x0000000085400000| Untracked 
|  47|0x0000000085500000, 0x0000000085500000, 0x0000000085600000|  0%| F|  |TAMS 0x0000000085500000, 0x0000000085500000| Untracked 
|  48|0x0000000085600000, 0x0000000085600000, 0x0000000085700000|  0%| F|  |TAMS 0x0000000085600000, 0x0000000085600000| Untracked 
|  49|0x0000000085700000, 0x0000000085700000, 0x0000000085800000|  0%| F|  |TAMS 0x0000000085700000, 0x0000000085700000| Untracked 
|  50|0x0000000085800000, 0x0000000085800000, 0x0000000085900000|  0%| F|  |TAMS 0x0000000085800000, 0x0000000085800000| Untracked 
|  51|0x0000000085900000, 0x0000000085900000, 0x0000000085a00000|  0%| F|  |TAMS 0x0000000085900000, 0x0000000085900000| Untracked 
|  52|0x0000000085a00000, 0x0000000085a00000, 0x0000000085b00000|  0%| F|  |TAMS 0x0000000085a00000, 0x0000000085a00000| Untracked 
|  53|0x0000000085b00000, 0x0000000085b00000, 0x0000000085c00000|  0%| F|  |TAMS 0x0000000085b00000, 0x0000000085b00000| Untracked 
|  54|0x0000000085c00000, 0x0000000085c00000, 0x0000000085d00000|  0%| F|  |TAMS 0x0000000085c00000, 0x0000000085c00000| Untracked 
|  55|0x0000000085d00000, 0x0000000085d00000, 0x0000000085e00000|  0%| F|  |TAMS 0x0000000085d00000, 0x0000000085d00000| Untracked 
|  56|0x0000000085e00000, 0x0000000085e00000, 0x0000000085f00000|  0%| F|  |TAMS 0x0000000085e00000, 0x0000000085e00000| Untracked 
|  57|0x0000000085f00000, 0x0000000085f00000, 0x0000000086000000|  0%| F|  |TAMS 0x0000000085f00000, 0x0000000085f00000| Untracked 
|  58|0x0000000086000000, 0x0000000086000000, 0x0000000086100000|  0%| F|  |TAMS 0x0000000086000000, 0x0000000086000000| Untracked 
|  59|0x0000000086100000, 0x0000000086100000, 0x0000000086200000|  0%| F|  |TAMS 0x0000000086100000, 0x0000000086100000| Untracked 
|  60|0x0000000086200000, 0x0000000086200000, 0x0000000086300000|  0%| F|  |TAMS 0x0000000086200000, 0x0000000086200000| Untracked 
|  61|0x0000000086300000, 0x0000000086300000, 0x0000000086400000|  0%| F|  |TAMS 0x0000000086300000, 0x0000000086300000| Untracked 
|  62|0x0000000086400000, 0x0000000086400000, 0x0000000086500000|  0%| F|  |TAMS 0x0000000086400000, 0x0000000086400000| Untracked 
|  63|0x0000000086500000, 0x0000000086500000, 0x0000000086600000|  0%| F|  |TAMS 0x0000000086500000, 0x0000000086500000| Untracked 
|  64|0x0000000086600000, 0x0000000086600000, 0x0000000086700000|  0%| F|  |TAMS 0x0000000086600000, 0x0000000086600000| Untracked 
|  65|0x0000000086700000, 0x0000000086700000, 0x0000000086800000|  0%| F|  |TAMS 0x0000000086700000, 0x0000000086700000| Untracked 
|  66|0x0000000086800000, 0x0000000086800000, 0x0000000086900000|  0%| F|  |TAMS 0x0000000086800000, 0x0000000086800000| Untracked 
|  67|0x0000000086900000, 0x0000000086900000, 0x0000000086a00000|  0%| F|  |TAMS 0x0000000086900000, 0x0000000086900000| Untracked 
|  68|0x0000000086a00000, 0x0000000086a00000, 0x0000000086b00000|  0%| F|  |TAMS 0x0000000086a00000, 0x0000000086a00000| Untracked 
|  69|0x0000000086b00000, 0x0000000086b00000, 0x0000000086c00000|  0%| F|  |TAMS 0x0000000086b00000, 0x0000000086b00000| Untracked 
|  70|0x0000000086c00000, 0x0000000086c00000, 0x0000000086d00000|  0%| F|  |TAMS 0x0000000086c00000, 0x0000000086c00000| Untracked 
|  71|0x0000000086d00000, 0x0000000086d00000, 0x0000000086e00000|  0%| F|  |TAMS 0x0000000086d00000, 0x0000000086d00000| Untracked 
|  72|0x0000000086e00000, 0x0000000086e00000, 0x0000000086f00000|  0%| F|  |TAMS 0x0000000086e00000, 0x0000000086e00000| Untracked 
|  73|0x0000000086f00000, 0x0000000086f00000, 0x0000000087000000|  0%| F|  |TAMS 0x0000000086f00000, 0x0000000086f00000| Untracked 
|  74|0x0000000087000000, 0x0000000087000000, 0x0000000087100000|  0%| F|  |TAMS 0x0000000087000000, 0x0000000087000000| Untracked 
|  75|0x0000000087100000, 0x0000000087100000, 0x0000000087200000|  0%| F|  |TAMS 0x0000000087100000, 0x0000000087100000| Untracked 
|  76|0x0000000087200000, 0x0000000087200000, 0x0000000087300000|  0%| F|  |TAMS 0x0000000087200000, 0x0000000087200000| Untracked 
|  77|0x0000000087300000, 0x0000000087300000, 0x0000000087400000|  0%| F|  |TAMS 0x0000000087300000, 0x0000000087300000| Untracked 
|  78|0x0000000087400000, 0x0000000087400000, 0x0000000087500000|  0%| F|  |TAMS 0x0000000087400000, 0x0000000087400000| Untracked 
|  79|0x0000000087500000, 0x0000000087500000, 0x0000000087600000|  0%| F|  |TAMS 0x0000000087500000, 0x0000000087500000| Untracked 
|  80|0x0000000087600000, 0x0000000087600000, 0x0000000087700000|  0%| F|  |TAMS 0x0000000087600000, 0x0000000087600000| Untracked 
|  81|0x0000000087700000, 0x0000000087700000, 0x0000000087800000|  0%| F|  |TAMS 0x0000000087700000, 0x0000000087700000| Untracked 
|  82|0x0000000087800000, 0x0000000087800000, 0x0000000087900000|  0%| F|  |TAMS 0x0000000087800000, 0x0000000087800000| Untracked 
|  83|0x0000000087900000, 0x0000000087900000, 0x0000000087a00000|  0%| F|  |TAMS 0x0000000087900000, 0x0000000087900000| Untracked 
|  84|0x0000000087a00000, 0x0000000087a00000, 0x0000000087b00000|  0%| F|  |TAMS 0x0000000087a00000, 0x0000000087a00000| Untracked 
|  85|0x0000000087b00000, 0x0000000087b00000, 0x0000000087c00000|  0%| F|  |TAMS 0x0000000087b00000, 0x0000000087b00000| Untracked 
|  86|0x0000000087c00000, 0x0000000087c00000, 0x0000000087d00000|  0%| F|  |TAMS 0x0000000087c00000, 0x0000000087c00000| Untracked 
|  87|0x0000000087d00000, 0x0000000087d00000, 0x0000000087e00000|  0%| F|  |TAMS 0x0000000087d00000, 0x0000000087d00000| Untracked 
|  88|0x0000000087e00000, 0x0000000087e00000, 0x0000000087f00000|  0%| F|  |TAMS 0x0000000087e00000, 0x0000000087e00000| Untracked 
|  89|0x0000000087f00000, 0x0000000087f00000, 0x0000000088000000|  0%| F|  |TAMS 0x0000000087f00000, 0x0000000087f00000| Untracked 
|  90|0x0000000088000000, 0x0000000088000000, 0x0000000088100000|  0%| F|  |TAMS 0x0000000088000000, 0x0000000088000000| Untracked 
|  91|0x0000000088100000, 0x0000000088100000, 0x0000000088200000|  0%| F|  |TAMS 0x0000000088100000, 0x0000000088100000| Untracked 
|  92|0x0000000088200000, 0x0000000088200000, 0x0000000088300000|  0%| F|  |TAMS 0x0000000088200000, 0x0000000088200000| Untracked 
|  93|0x0000000088300000, 0x0000000088300000, 0x0000000088400000|  0%| F|  |TAMS 0x0000000088300000, 0x0000000088300000| Untracked 
|  94|0x0000000088400000, 0x0000000088400000, 0x0000000088500000|  0%| F|  |TAMS 0x0000000088400000, 0x0000000088400000| Untracked 
|  95|0x0000000088500000, 0x0000000088500000, 0x0000000088600000|  0%| F|  |TAMS 0x0000000088500000, 0x0000000088500000| Untracked 
|  96|0x0000000088600000, 0x0000000088600000, 0x0000000088700000|  0%| F|  |TAMS 0x0000000088600000, 0x0000000088600000| Untracked 
|  97|0x0000000088700000, 0x0000000088700000, 0x0000000088800000|  0%| F|  |TAMS 0x0000000088700000, 0x0000000088700000| Untracked 
|  98|0x0000000088800000, 0x0000000088800000, 0x0000000088900000|  0%| F|  |TAMS 0x0000000088800000, 0x0000000088800000| Untracked 
|  99|0x0000000088900000, 0x0000000088900000, 0x0000000088a00000|  0%| F|  |TAMS 0x0000000088900000, 0x0000000088900000| Untracked 
| 100|0x0000000088a00000, 0x0000000088b00000, 0x0000000088b00000|100%| S|CS|TAMS 0x0000000088a00000, 0x0000000088a00000| Complete 
| 101|0x0000000088b00000, 0x0000000088c00000, 0x0000000088c00000|100%| S|CS|TAMS 0x0000000088b00000, 0x0000000088b00000| Complete 
| 102|0x0000000088c00000, 0x0000000088d00000, 0x0000000088d00000|100%| S|CS|TAMS 0x0000000088c00000, 0x0000000088c00000| Complete 
| 103|0x0000000088d00000, 0x0000000088d00000, 0x0000000088e00000|  0%| F|  |TAMS 0x0000000088d00000, 0x0000000088d00000| Untracked 
| 104|0x0000000088e00000, 0x0000000088e00000, 0x0000000088f00000|  0%| F|  |TAMS 0x0000000088e00000, 0x0000000088e00000| Untracked 
| 105|0x0000000088f00000, 0x0000000088f00000, 0x0000000089000000|  0%| F|  |TAMS 0x0000000088f00000, 0x0000000088f00000| Untracked 
| 106|0x0000000089000000, 0x0000000089080800, 0x0000000089100000| 50%| E|  |TAMS 0x0000000089000000, 0x0000000089000000| Complete 
| 107|0x0000000089100000, 0x0000000089200000, 0x0000000089200000|100%| E|CS|TAMS 0x0000000089100000, 0x0000000089100000| Complete 
| 108|0x0000000089200000, 0x0000000089300000, 0x0000000089300000|100%| E|CS|TAMS 0x0000000089200000, 0x0000000089200000| Complete 
| 109|0x0000000089300000, 0x0000000089400000, 0x0000000089400000|100%| E|CS|TAMS 0x0000000089300000, 0x0000000089300000| Complete 
| 110|0x0000000089400000, 0x0000000089500000, 0x0000000089500000|100%| E|CS|TAMS 0x0000000089400000, 0x0000000089400000| Complete 
| 111|0x0000000089500000, 0x0000000089600000, 0x0000000089600000|100%| E|CS|TAMS 0x0000000089500000, 0x0000000089500000| Complete 
| 112|0x0000000089600000, 0x0000000089700000, 0x0000000089700000|100%| E|CS|TAMS 0x0000000089600000, 0x0000000089600000| Complete 
| 113|0x0000000089700000, 0x0000000089800000, 0x0000000089800000|100%| E|CS|TAMS 0x0000000089700000, 0x0000000089700000| Complete 
| 114|0x0000000089800000, 0x0000000089900000, 0x0000000089900000|100%| E|CS|TAMS 0x0000000089800000, 0x0000000089800000| Complete 
| 115|0x0000000089900000, 0x0000000089a00000, 0x0000000089a00000|100%| E|CS|TAMS 0x0000000089900000, 0x0000000089900000| Complete 
| 116|0x0000000089a00000, 0x0000000089b00000, 0x0000000089b00000|100%| E|CS|TAMS 0x0000000089a00000, 0x0000000089a00000| Complete 
| 117|0x0000000089b00000, 0x0000000089c00000, 0x0000000089c00000|100%| E|CS|TAMS 0x0000000089b00000, 0x0000000089b00000| Complete 
| 118|0x0000000089c00000, 0x0000000089d00000, 0x0000000089d00000|100%| E|CS|TAMS 0x0000000089c00000, 0x0000000089c00000| Complete 
| 119|0x0000000089d00000, 0x0000000089e00000, 0x0000000089e00000|100%| E|CS|TAMS 0x0000000089d00000, 0x0000000089d00000| Complete 
| 120|0x0000000089e00000, 0x0000000089f00000, 0x0000000089f00000|100%| E|CS|TAMS 0x0000000089e00000, 0x0000000089e00000| Complete 
| 121|0x0000000089f00000, 0x000000008a000000, 0x000000008a000000|100%| E|CS|TAMS 0x0000000089f00000, 0x0000000089f00000| Complete 
| 122|0x000000008a000000, 0x000000008a100000, 0x000000008a100000|100%| E|  |TAMS 0x000000008a000000, 0x000000008a000000| Complete 
| 123|0x000000008a100000, 0x000000008a200000, 0x000000008a200000|100%| E|CS|TAMS 0x000000008a100000, 0x000000008a100000| Complete 
| 124|0x000000008a200000, 0x000000008a300000, 0x000000008a300000|100%| E|CS|TAMS 0x000000008a200000, 0x000000008a200000| Complete 
| 125|0x000000008a300000, 0x000000008a400000, 0x000000008a400000|100%| E|CS|TAMS 0x000000008a300000, 0x000000008a300000| Complete 

Card table byte_map: [0x000002ade1910000,0x000002ade1d00000] _byte_map_base: 0x000002ade14fd000

Marking Bits (Prev, Next): (CMBitMap*) 0x000002adc9ffd8d0, (CMBitMap*) 0x000002adc9ffd910
 Prev Bits: [0x000002ade20f0000, 0x000002ade4058000)
 Next Bits: [0x000002ade4060000, 0x000002ade5fc8000)

Polling page: 0x000002adc7f90000

Metaspace:

Usage:
  Non-class:     10.44 MB capacity,     9.99 MB ( 96%) used,   446.66 KB (  4%) free+waste,    13.19 KB ( <1%) overhead. 
      Class:      1.41 MB capacity,     1.35 MB ( 96%) used,    55.15 KB (  4%) free+waste,     5.56 KB ( <1%) overhead. 
       Both:     11.85 MB capacity,    11.35 MB ( 96%) used,   501.81 KB (  4%) free+waste,    18.75 KB ( <1%) overhead. 

Virtual space:
  Non-class space:       12.00 MB reserved,      10.50 MB ( 88%) committed 
      Class space:        1.00 GB reserved,       1.50 MB ( <1%) committed 
             Both:        1.01 GB reserved,      12.00 MB (  1%) committed 

Chunk freelists:
   Non-Class:  59.00 KB
       Class:  27.00 KB
        Both:  86.00 KB

MaxMetaspaceSize: 17179869184.00 GB
CompressedClassSpaceSize: 1.00 GB

CodeHeap 'non-profiled nmethods': size=120000Kb used=474Kb max_used=474Kb free=119525Kb
 bounds [0x000002add9cc0000, 0x000002add9f30000, 0x000002ade11f0000]
CodeHeap 'profiled nmethods': size=120000Kb used=2749Kb max_used=2749Kb free=117250Kb
 bounds [0x000002add2790000, 0x000002add2a40000, 0x000002add9cc0000]
CodeHeap 'non-nmethods': size=5760Kb used=1183Kb max_used=1189Kb free=4576Kb
 bounds [0x000002add21f0000, 0x000002add2460000, 0x000002add2790000]
 total_blobs=1902 nmethods=1458 adapters=357
 compilation: enabled
              stopped_count=0, restarted_count=0
 full_count=0

Compilation events (20 events):
Event: 1.452 Thread 0x000002ade8a0f370 1399       3       java.lang.Class::getInterfaces (49 bytes)
Event: 1.452 Thread 0x000002ade8a0f370 nmethod 1399 0x000002add2a0e690 code [0x000002add2a0e880, 0x000002add2a0ed58]
Event: 1.452 Thread 0x000002ade8a0f370 1398       3       org.springframework.core.ResolvableType::forType (107 bytes)
Event: 1.453 Thread 0x000002ade8a0f370 nmethod 1398 0x000002add2a0ee90 code [0x000002add2a0f0c0, 0x000002add2a0f908]
Event: 1.453 Thread 0x000002ade8a0f370 1400       1       java.util.Collections$EmptyMap::get (2 bytes)
Event: 1.453 Thread 0x000002ade8a0f370 nmethod 1400 0x000002add9d35810 code [0x000002add9d359a0, 0x000002add9d35a58]
Event: 1.453 Thread 0x000002ade8a0f370 1402       3       java.beans.FeatureDescriptor::getClass0 (22 bytes)
Event: 1.453 Thread 0x000002ade8a0f370 nmethod 1402 0x000002add2a0fb90 code [0x000002add2a0fd40, 0x000002add2a10068]
Event: 1.453 Thread 0x000002ade8a0f370 1401       1       java.beans.FeatureDescriptor::setName (6 bytes)
Event: 1.453 Thread 0x000002ade8a0f370 nmethod 1401 0x000002add9d35b10 code [0x000002add9d35ca0, 0x000002add9d35d98]
Event: 1.454 Thread 0x000002ade8a0f370 1403       3       java.util.concurrent.locks.ReentrantLock$NonfairSync::<init> (5 bytes)
Event: 1.455 Thread 0x000002ade8a0f370 nmethod 1403 0x000002add2a10190 code [0x000002add2a10340, 0x000002add2a105b8]
Event: 1.455 Thread 0x000002ade8a0f370 1404       3       java.util.concurrent.locks.ReentrantLock$Sync::<init> (5 bytes)
Event: 1.455 Thread 0x000002ade8a0f370 nmethod 1404 0x000002add2a10710 code [0x000002add2a108c0, 0x000002add2a10ad8]
Event: 1.455 Thread 0x000002ade8a0f370 1405       3       java.util.concurrent.locks.ReentrantLock::<init> (16 bytes)
Event: 1.455 Thread 0x000002ade8a0f370 nmethod 1405 0x000002add2a10c10 code [0x000002add2a10de0, 0x000002add2a111d8]
Event: 1.455 Thread 0x000002ade8a0f370 1406       3       org.springframework.util.ConcurrentReferenceHashMap$Segment::<init> (47 bytes)
Event: 1.456 Thread 0x000002ade8a0f370 nmethod 1406 0x000002add2a11390 code [0x000002add2a11620, 0x000002add2a124c8]
Event: 1.456 Thread 0x000002ade8a0f370 1407       3       org.springframework.util.ConcurrentReferenceHashMap::createReferenceManager (9 bytes)
Event: 1.456 Thread 0x000002ade8a0f370 nmethod 1407 0x000002add2a12990 code [0x000002add2a12b60, 0x000002add2a130d8]

GC Heap History (2 events):
Event: 1.266 GC heap before
{Heap before GC invocations=0 (full 0):
 garbage-first heap   total 129024K, used 22528K [0x0000000082600000, 0x0000000100000000)
  region size 1024K, 23 young (23552K), 0 survivors (0K)
 Metaspace       used 6689K, capacity 7699K, committed 7808K, reserved 1056768K
  class space    used 812K, capacity 877K, committed 896K, reserved 1048576K
}
Event: 1.272 GC heap after
{Heap after GC invocations=1 (full 0):
 garbage-first heap   total 129024K, used 5964K [0x0000000082600000, 0x0000000100000000)
  region size 1024K, 3 young (3072K), 3 survivors (3072K)
 Metaspace       used 6689K, capacity 7699K, committed 7808K, reserved 1056768K
  class space    used 812K, capacity 877K, committed 896K, reserved 1048576K
}

Deoptimization events (20 events):
Event: 1.395 Thread 0x000002adc9fbb180 Uncommon trap: trap_request=0xffffffc6 fr.pc=0x000002add9d17948 relative=0x0000000000000948
Event: 1.395 Thread 0x000002adc9fbb180 Uncommon trap: reason=bimorphic_or_optimized_type_check action=maybe_recompile pc=0x000002add9d17948 method=java.util.HashMap.putVal(ILjava/lang/Object;Ljava/lang/Object;ZZ)Ljava/lang/Object; @ 253 c2
Event: 1.395 Thread 0x000002adc9fbb180 DEOPT PACKING pc=0x000002add9d17948 sp=0x000000ed962fee60
Event: 1.395 Thread 0x000002adc9fbb180 DEOPT UNPACKING pc=0x000002add223e42f sp=0x000000ed962fedf0 mode 2
Event: 1.395 Thread 0x000002adc9fbb180 Uncommon trap: trap_request=0xffffffc6 fr.pc=0x000002add9d17948 relative=0x0000000000000948
Event: 1.395 Thread 0x000002adc9fbb180 Uncommon trap: reason=bimorphic_or_optimized_type_check action=maybe_recompile pc=0x000002add9d17948 method=java.util.HashMap.putVal(ILjava/lang/Object;Ljava/lang/Object;ZZ)Ljava/lang/Object; @ 253 c2
Event: 1.395 Thread 0x000002adc9fbb180 DEOPT PACKING pc=0x000002add9d17948 sp=0x000000ed962fee60
Event: 1.395 Thread 0x000002adc9fbb180 DEOPT UNPACKING pc=0x000002add223e42f sp=0x000000ed962fedf0 mode 2
Event: 1.395 Thread 0x000002adc9fbb180 Uncommon trap: trap_request=0xffffffc6 fr.pc=0x000002add9d17948 relative=0x0000000000000948
Event: 1.395 Thread 0x000002adc9fbb180 Uncommon trap: reason=bimorphic_or_optimized_type_check action=maybe_recompile pc=0x000002add9d17948 method=java.util.HashMap.putVal(ILjava/lang/Object;Ljava/lang/Object;ZZ)Ljava/lang/Object; @ 253 c2
Event: 1.395 Thread 0x000002adc9fbb180 DEOPT PACKING pc=0x000002add9d17948 sp=0x000000ed962fee60
Event: 1.396 Thread 0x000002adc9fbb180 DEOPT UNPACKING pc=0x000002add223e42f sp=0x000000ed962fedf0 mode 2
Event: 1.438 Thread 0x000002adc9fbb180 Uncommon trap: trap_request=0xffffff45 fr.pc=0x000002add9d2c4bc relative=0x0000000000000dfc
Event: 1.438 Thread 0x000002adc9fbb180 Uncommon trap: reason=unstable_if action=reinterpret pc=0x000002add9d2c4bc method=java.util.concurrent.ConcurrentHashMap.addCount(JI)V @ 34 c2
Event: 1.438 Thread 0x000002adc9fbb180 DEOPT PACKING pc=0x000002add9d2c4bc sp=0x000000ed962fde20
Event: 1.438 Thread 0x000002adc9fbb180 DEOPT UNPACKING pc=0x000002add223e42f sp=0x000000ed962fdcf0 mode 2
Event: 1.438 Thread 0x000002adc9fbb180 Uncommon trap: trap_request=0xffffff45 fr.pc=0x000002add9d26d0c relative=0x00000000000001cc
Event: 1.438 Thread 0x000002adc9fbb180 Uncommon trap: reason=unstable_if action=reinterpret pc=0x000002add9d26d0c method=java.util.concurrent.ConcurrentHashMap.addCount(JI)V @ 7 c2
Event: 1.438 Thread 0x000002adc9fbb180 DEOPT PACKING pc=0x000002add9d26d0c sp=0x000000ed962fa860
Event: 1.438 Thread 0x000002adc9fbb180 DEOPT UNPACKING pc=0x000002add223e42f sp=0x000000ed962fa7c0 mode 2

Classes unloaded (0 events):
No events

Classes redefined (0 events):
No events

Internal exceptions (20 events):
Event: 0.523 Thread 0x000002adc9fbb180 Exception <a 'java/lang/NoSuchMethodError'{0x0000000089d571e0}: 'void java.lang.invoke.DirectMethodHandle$Holder.invokeSpecial(java.lang.Object, java.lang.Object, java.lang.Object)'> (0x0000000089d571e0) 
thrown [./open/src/hotspot/share/interpreter/linkResolver.cpp, line 782]
Event: 0.927 Thread 0x000002adc9fbb180 Exception <a 'java/lang/NoSuchMethodError'{0x0000000089670228}: 'java.lang.Object java.lang.invoke.DirectMethodHandle$Holder.invokeStatic(java.lang.Object)'> (0x0000000089670228) 
thrown [./open/src/hotspot/share/interpreter/linkResolver.cpp, line 782]
Event: 0.927 Thread 0x000002adc9fbb180 Exception <a 'java/lang/NoSuchMethodError'{0x0000000089673900}: 'java.lang.Object java.lang.invoke.DirectMethodHandle$Holder.invokeStaticInit(java.lang.Object)'> (0x0000000089673900) 
thrown [./open/src/hotspot/share/interpreter/linkResolver.cpp, line 782]
Event: 0.955 Thread 0x000002adc9fbb180 Exception <a 'java/io/FileNotFoundException'{0x00000000896e1fe8}> (0x00000000896e1fe8) 
thrown [./open/src/hotspot/share/prims/jni.cpp, line 578]
Event: 1.087 Thread 0x000002adc9fbb180 Exception <a 'java/lang/ClassNotFoundException'{0x00000000892b6708}: java/lang/ObjectCustomizer> (0x00000000892b6708) 
thrown [./open/src/hotspot/share/classfile/systemDictionary.cpp, line 295]
Event: 1.094 Thread 0x000002adc9fbb180 Exception <a 'java/lang/NoSuchMethodError'{0x00000000892bbca0}: 'java.lang.Object java.lang.invoke.DirectMethodHandle$Holder.invokeInterface(java.lang.Object, java.lang.Object)'> (0x00000000892bbca0) 
thrown [./open/src/hotspot/share/interpreter/linkResolver.cpp, line 782]
Event: 1.095 Thread 0x000002adc9fbb180 Exception <a 'java/lang/IncompatibleClassChangeError'{0x00000000892bf698}: Found class java.lang.Object, but interface was expected> (0x00000000892bf698) 
thrown [./open/src/hotspot/share/interpreter/linkResolver.cpp, line 848]
Event: 1.105 Thread 0x000002adc9fbb180 Exception <a 'java/lang/ClassNotFoundException'{0x00000000892ec118}: org/springframework/boot/SpringApplicationCustomizer> (0x00000000892ec118) 
thrown [./open/src/hotspot/share/classfile/systemDictionary.cpp, line 295]
Event: 1.161 Thread 0x000002adc9fbb180 Exception <a 'java/lang/NoSuchMethodError'{0x0000000089014de0}: 'java.lang.Object java.lang.invoke.DirectMethodHandle$Holder.invokeStaticInit(java.lang.Object, java.lang.Object, java.lang.Object)'> (0x0000000089014de0) 
thrown [./open/src/hotspot/share/interpreter/linkResolver.cpp, line 782]
Event: 1.169 Thread 0x000002adc9fbb180 Exception <a 'java/lang/NoSuchMethodError'{0x000000008903b018}: 'int java.lang.invoke.DirectMethodHandle$Holder.invokeSpecial(java.lang.Object, java.lang.Object, java.lang.Object)'> (0x000000008903b018) 
thrown [./open/src/hotspot/share/interpreter/linkResolver.cpp, line 782]
Event: 1.318 Thread 0x000002adc9fbb180 Exception <a 'java/lang/NoSuchMethodError'{0x000000008a07dfa8}: 'java.lang.Object java.lang.invoke.DirectMethodHandle$Holder.newInvokeSpecial(java.lang.Object, java.lang.Object, java.lang.Object, java.lang.Object, java.lang.Object)'> (0x000000008a07dfa8) 
thrown [./open/src/hotspot/share/interpreter/linkResolver.cpp, line 782]
Event: 1.350 Thread 0x000002adc9fbb180 Exception <a 'java/lang/NoSuchMethodError'{0x0000000089ef1718}: 'org.slf4j.impl.StaticMDCBinder org.slf4j.impl.StaticMDCBinder.getSingleton()'> (0x0000000089ef1718) 
thrown [./open/src/hotspot/share/interpreter/linkResolver.cpp, line 782]
Event: 1.351 Thread 0x000002adc9fbb180 Implicit null exception at 0x000002add9d10d8f to 0x000002add9d10fb8
Event: 1.449 Thread 0x000002adc9fbb180 Exception <a 'java/lang/ClassNotFoundException'{0x0000000089564040}: java/lang/ObjectCustomizer> (0x0000000089564040) 
thrown [./open/src/hotspot/share/classfile/systemDictionary.cpp, line 295]
Event: 1.450 Thread 0x000002adc9fbb180 Exception <a 'java/lang/ClassNotFoundException'{0x000000008956a0c8}: org/springframework/context/annotation/ConfigurationClassPostProcessorCustomizer> (0x000000008956a0c8) 
thrown [./open/src/hotspot/share/classfile/systemDictionary.cpp, line 295]
Event: 1.452 Thread 0x000002adc9fbb180 Exception <a 'java/lang/ClassNotFoundException'{0x000000008957c060}: org/springframework/beans/factory/support/BeanDefinitionRegistryPostProcessorCustomizer> (0x000000008957c060) 
thrown [./open/src/hotspot/share/classfile/systemDictionary.cpp, line 295]
Event: 1.452 Thread 0x000002adc9fbb180 Exception <a 'java/lang/ClassNotFoundException'{0x000000008957f538}: org/springframework/core/PriorityOrderedCustomizer> (0x000000008957f538) 
thrown [./open/src/hotspot/share/classfile/systemDictionary.cpp, line 295]
Event: 1.453 Thread 0x000002adc9fbb180 Exception <a 'java/lang/ClassNotFoundException'{0x00000000894917b8}: org/springframework/context/ResourceLoaderAwareCustomizer> (0x00000000894917b8) 
thrown [./open/src/hotspot/share/classfile/systemDictionary.cpp, line 295]
Event: 1.453 Thread 0x000002adc9fbb180 Exception <a 'java/lang/ClassNotFoundException'{0x0000000089495138}: org/springframework/beans/factory/BeanClassLoaderAwareCustomizer> (0x0000000089495138) 
thrown [./open/src/hotspot/share/classfile/systemDictionary.cpp, line 295]
Event: 1.454 Thread 0x000002adc9fbb180 Exception <a 'java/lang/ClassNotFoundException'{0x00000000894989a0}: org/springframework/context/EnvironmentAwareCustomizer> (0x00000000894989a0) 
thrown [./open/src/hotspot/share/classfile/systemDictionary.cpp, line 295]

Events (20 events):
Event: 1.408 loading class sun/util/resources/cldr/TimeZoneNames_en
Event: 1.409 loading class sun/util/resources/cldr/TimeZoneNames_en done
Event: 1.409 loading class sun/util/resources/cldr/TimeZoneNames_en_US
Event: 1.409 loading class sun/util/resources/cldr/TimeZoneNames_en_US done
Event: 1.411 loading class sun/util/resources/TimeZoneNames
Event: 1.412 loading class sun/util/resources/TimeZoneNames done
Event: 1.412 loading class sun/util/resources/TimeZoneNames_en
Event: 1.412 loading class sun/util/resources/TimeZoneNames_en done
Event: 1.433 loading class org/xml/sax/InputSource
Event: 1.433 loading class org/xml/sax/InputSource done
Event: 1.434 loading class java/nio/file/FileSystemNotFoundException
Event: 1.434 loading class java/nio/file/FileSystemNotFoundException done
Event: 1.448 loading class java/lang/AbstractMethodError
Event: 1.448 loading class java/lang/AbstractMethodError done
Event: 1.449 loading class java/lang/ObjectCustomizer
Event: 1.449 loading class java/lang/ObjectCustomizer done
Event: 1.449 loading class java/lang/ObjectCustomizer
Event: 1.449 loading class java/lang/ObjectCustomizer done
Event: 1.459 loading class java/io/Externalizable
Event: 1.459 loading class java/io/Externalizable done


Dynamic libraries:
0x00007ff7ec820000 - 0x00007ff7ec82f000 	C:\Program Files\Java\jdk-15.0.2\bin\javaw.exe
0x00007ffc19390000 - 0x00007ffc19588000 	C:\WINDOWS\SYSTEM32\ntdll.dll
0x00007ffc17a80000 - 0x00007ffc17b3d000 	C:\WINDOWS\System32\KERNEL32.DLL
0x00007ffc16ba0000 - 0x00007ffc16e6e000 	C:\WINDOWS\System32\KERNELBASE.dll
0x00007ffc16ea0000 - 0x00007ffc16fa0000 	C:\WINDOWS\System32\ucrtbase.dll
0x00007ffbec080000 - 0x00007ffbec098000 	C:\Program Files\Java\jdk-15.0.2\bin\jli.dll
0x00007ffbeb590000 - 0x00007ffbeb5a9000 	C:\Program Files\Java\jdk-15.0.2\bin\VCRUNTIME140.dll
0x00007ffc17890000 - 0x00007ffc1793e000 	C:\WINDOWS\System32\ADVAPI32.dll
0x00007ffc18500000 - 0x00007ffc1859e000 	C:\WINDOWS\System32\msvcrt.dll
0x00007ffc17530000 - 0x00007ffc175cc000 	C:\WINDOWS\System32\sechost.dll
0x00007ffc17940000 - 0x00007ffc17a65000 	C:\WINDOWS\System32\RPCRT4.dll
0x00007ffc185a0000 - 0x00007ffc18740000 	C:\WINDOWS\System32\USER32.dll
0x00007ffc17260000 - 0x00007ffc17282000 	C:\WINDOWS\System32\win32u.dll
0x00007ffc19320000 - 0x00007ffc1934a000 	C:\WINDOWS\System32\GDI32.dll
0x00007ffc170e0000 - 0x00007ffc171eb000 	C:\WINDOWS\System32\gdi32full.dll
0x00007ffc16ab0000 - 0x00007ffc16b4d000 	C:\WINDOWS\System32\msvcp_win.dll
0x00007ffc01f50000 - 0x00007ffc021ea000 	C:\WINDOWS\WinSxS\amd64_microsoft.windows.common-controls_6595b64144ccf1df_6.0.19041.1110_none_60b5254171f9507e\COMCTL32.dll
0x00007ffc108d0000 - 0x00007ffc108da000 	C:\WINDOWS\SYSTEM32\VERSION.dll
0x00007ffc19210000 - 0x00007ffc19240000 	C:\WINDOWS\System32\IMM32.DLL
0x00007ffbfd200000 - 0x00007ffbfd20c000 	C:\Program Files\Java\jdk-15.0.2\bin\vcruntime140_1.dll
0x00007ffbe0f70000 - 0x00007ffbe1001000 	C:\Program Files\Java\jdk-15.0.2\bin\msvcp140.dll
0x00007ffbb3270000 - 0x00007ffbb3dce000 	C:\Program Files\Java\jdk-15.0.2\bin\server\jvm.dll
0x00007ffc17520000 - 0x00007ffc17528000 	C:\WINDOWS\System32\PSAPI.DLL
0x00007ffc05640000 - 0x00007ffc05667000 	C:\WINDOWS\SYSTEM32\WINMM.dll
0x00007ffbf8220000 - 0x00007ffbf8229000 	C:\WINDOWS\SYSTEM32\WSOCK32.dll
0x00007ffc17b40000 - 0x00007ffc17bab000 	C:\WINDOWS\System32\WS2_32.dll
0x00007ffc15350000 - 0x00007ffc15362000 	C:\WINDOWS\SYSTEM32\kernel.appcore.dll
0x00007ffbf0f50000 - 0x00007ffbf0f5a000 	C:\Program Files\Java\jdk-15.0.2\bin\jimage.dll
0x00007ffc146b0000 - 0x00007ffc14894000 	C:\WINDOWS\SYSTEM32\DBGHELP.DLL
0x00007ffbfffa0000 - 0x00007ffbfffcc000 	C:\WINDOWS\SYSTEM32\dbgcore.DLL
0x00007ffc17050000 - 0x00007ffc170d2000 	C:\WINDOWS\System32\bcryptPrimitives.dll
0x00007ffbe3150000 - 0x00007ffbe3175000 	C:\Program Files\Java\jdk-15.0.2\bin\java.dll
0x00007ffc18aa0000 - 0x00007ffc191e4000 	C:\WINDOWS\System32\SHELL32.dll
0x00007ffc14b30000 - 0x00007ffc152c4000 	C:\WINDOWS\SYSTEM32\windows.storage.dll
0x00007ffc18740000 - 0x00007ffc18a94000 	C:\WINDOWS\System32\combase.dll
0x00007ffc164f0000 - 0x00007ffc16520000 	C:\WINDOWS\SYSTEM32\Wldp.dll
0x00007ffc17dc0000 - 0x00007ffc17e6d000 	C:\WINDOWS\System32\SHCORE.dll
0x00007ffc17bb0000 - 0x00007ffc17c05000 	C:\WINDOWS\System32\shlwapi.dll
0x00007ffc169f0000 - 0x00007ffc16a0f000 	C:\WINDOWS\SYSTEM32\profapi.dll
0x00007ffbeb380000 - 0x00007ffbeb399000 	C:\Program Files\Java\jdk-15.0.2\bin\net.dll
0x00007ffc0f4b0000 - 0x00007ffc0f5ba000 	C:\WINDOWS\SYSTEM32\WINHTTP.dll
0x00007ffc16210000 - 0x00007ffc1627a000 	C:\WINDOWS\system32\mswsock.dll
0x00007ffbe9b90000 - 0x00007ffbe9ba2000 	C:\Program Files\Java\jdk-15.0.2\bin\nio.dll
0x00007ffbe72d0000 - 0x00007ffbe72e8000 	C:\Program Files\Java\jdk-15.0.2\bin\zip.dll
0x00007ffbff200000 - 0x00007ffbff210000 	C:\Program Files\Java\jdk-15.0.2\bin\verify.dll
0x00007ffbfcf90000 - 0x00007ffbfcf99000 	C:\Program Files\Java\jdk-15.0.2\bin\management.dll
0x00007ffbf0590000 - 0x00007ffbf059b000 	C:\Program Files\Java\jdk-15.0.2\bin\management_ext.dll
0x00007ffbf8930000 - 0x00007ffbf8947000 	C:\WINDOWS\system32\napinsp.dll
0x00007ffbf88c0000 - 0x00007ffbf88db000 	C:\WINDOWS\system32\pnrpnsp.dll
0x00007ffc113b0000 - 0x00007ffc113c5000 	C:\WINDOWS\system32\wshbth.dll
0x00007ffc11c90000 - 0x00007ffc11cad000 	C:\WINDOWS\system32\NLAapi.dll
0x00007ffc15ed0000 - 0x00007ffc15f0b000 	C:\WINDOWS\SYSTEM32\IPHLPAPI.DLL
0x00007ffc15f10000 - 0x00007ffc15fda000 	C:\WINDOWS\SYSTEM32\DNSAPI.dll
0x00007ffc17880000 - 0x00007ffc17888000 	C:\WINDOWS\System32\NSI.dll
0x00007ffbf8230000 - 0x00007ffbf8242000 	C:\WINDOWS\System32\winrnr.dll
0x00007ffc0f2d0000 - 0x00007ffc0f2da000 	C:\Windows\System32\rasadhlp.dll
0x00007ffc0ca60000 - 0x00007ffc0cae0000 	C:\WINDOWS\System32\fwpuclnt.dll
0x00007ffc16e70000 - 0x00007ffc16e97000 	C:\WINDOWS\System32\bcrypt.dll

dbghelp: loaded successfully - version: 4.0.5 - missing functions: none
symbol engine: initialized successfully - sym options: 0x614 - pdb path: .;C:\Program Files\Java\jdk-15.0.2\bin;C:\WINDOWS\SYSTEM32;C:\WINDOWS\WinSxS\amd64_microsoft.windows.common-controls_6595b64144ccf1df_6.0.19041.1110_none_60b5254171f9507e;C:\Program Files\Java\jdk-15.0.2\bin\server

VM Arguments:
jvm_args: -Dfile.encoding=UTF-8 -XX:+ShowCodeDetailsInExceptionMessages 
java_command: io.swagger.Swagger2SpringBoot
java_class_path (initial): D:\WorkspaceJava\spring-server\target\classes;C:\Users\Dhruva's PC\.m2\repository\org\springframework\boot\spring-boot-starter-web\1.5.9.RELEASE\spring-boot-starter-web-1.5.9.RELEASE.jar;C:\Users\Dhruva's PC\.m2\repository\org\springframework\boot\spring-boot-starter\1.5.9.RELEASE\spring-boot-starter-1.5.9.RELEASE.jar;C:\Users\Dhruva's PC\.m2\repository\org\springframework\boot\spring-boot\1.5.9.RELEASE\spring-boot-1.5.9.RELEASE.jar;C:\Users\Dhruva's PC\.m2\repository\org\springframework\boot\spring-boot-autoconfigure\1.5.9.RELEASE\spring-boot-autoconfigure-1.5.9.RELEASE.jar;C:\Users\Dhruva's PC\.m2\repository\org\springframework\boot\spring-boot-starter-logging\1.5.9.RELEASE\spring-boot-starter-logging-1.5.9.RELEASE.jar;C:\Users\Dhruva's PC\.m2\repository\ch\qos\logback\logback-classic\1.1.11\logback-classic-1.1.11.jar;C:\Users\Dhruva's PC\.m2\repository\ch\qos\logback\logback-core\1.1.11\logback-core-1.1.11.jar;C:\Users\Dhruva's PC\.m2\repository\org\slf4j\jul-to-slf4j\1.7.25\jul-to-slf4j-1.7.25.jar;C:\Users\Dhruva's PC\.m2\repository\org\slf4j\log4j-over-slf4j\1.7.25\log4j-over-slf4j-1.7.25.jar;C:\Users\Dhruva's PC\.m2\repository\org\yaml\snakeyaml\1.17\snakeyaml-1.17.jar;C:\Users\Dhruva's PC\.m2\repository\org\hibernate\hibernate-validator\5.3.6.Final\hibernate-validator-5.3.6.Final.jar;C:\Users\Dhruva's PC\.m2\repository\org\jboss\logging\jboss-logging\3.3.1.Final\jboss-logging-3.3.1.Final.jar;C:\Users\Dhruva's PC\.m2\repository\com\fasterxml\jackson\core\jackson-databind\2.8.10\jackson-databind-2.8.10.jar;C:\Users\Dhruva's PC\.m2\repository\com\fasterxml\jackson\core\jackson-annotations\2.8.0\jackson-annotations-2.8.0.jar;C:\Users\Dhruva's PC\.m2\repository\org\springframework\spring-web\4.3.13.RELEASE\spring-web-4.3.13.RELEASE.jar;C:\Users\Dhruva's PC\.m2\repository\org\springframework\spring-aop\4.3.13.RELEASE\spring-aop-4.3.13.RELEASE.jar;C:\Users\Dhruva's PC\.m2\repository\org\springframework\spring-beans\4.3.13.RELEASE\spring-
Launcher Type: SUN_STANDARD

[Global flags]
     intx CICompilerCount                          = 4                                         {product} {ergonomic}
     uint ConcGCThreads                            = 2                                         {product} {ergonomic}
     uint G1ConcRefinementThreads                  = 8                                         {product} {ergonomic}
   size_t G1HeapRegionSize                         = 1048576                                   {product} {ergonomic}
    uintx GCDrainStackTargetSize                   = 64                                        {product} {ergonomic}
   size_t InitialHeapSize                          = 132120576                                 {product} {ergonomic}
   size_t MarkStackSize                            = 4194304                                   {product} {ergonomic}
   size_t MaxHeapSize                              = 2107637760                                {product} {ergonomic}
   size_t MaxNewSize                               = 1264582656                                {product} {ergonomic}
   size_t MinHeapDeltaBytes                        = 1048576                                   {product} {ergonomic}
   size_t MinHeapSize                              = 8388608                                   {product} {ergonomic}
    uintx NonNMethodCodeHeapSize                   = 5839372                                {pd product} {ergonomic}
    uintx NonProfiledCodeHeapSize                  = 122909434                              {pd product} {ergonomic}
    uintx ProfiledCodeHeapSize                     = 122909434                              {pd product} {ergonomic}
    uintx ReservedCodeCacheSize                    = 251658240                              {pd product} {ergonomic}
     bool SegmentedCodeCache                       = true                                      {product} {ergonomic}
     bool ShowCodeDetailsInExceptionMessages       = true                                   {manageable} {command line}
   size_t SoftMaxHeapSize                          = 2107637760                             {manageable} {ergonomic}
     bool UseCompressedClassPointers               = true                                 {lp64_product} {ergonomic}
     bool UseCompressedOops                        = true                                 {lp64_product} {ergonomic}
     bool UseG1GC                                  = true                                      {product} {ergonomic}
     bool UseLargePagesIndividualAllocation        = false                                  {pd product} {ergonomic}

Logging:
Log output configuration:
 #0: stdout all=warning uptime,level,tags
 #1: stderr all=off uptime,level,tags

Environment Variables:
JAVA_HOME=C:\Program Files\Java\jdk-15.0.2
PATH=C:\Program Files\Common Files\Oracle\Java\javapath;C:\Windows\system32;C:\Windows;C:\Windows\System32\Wbem;C:\Windows\System32\WindowsPowerShell\v1.0\;C:\Windows\System32\OpenSSH\;C:\Program Files (x86)\NVIDIA Corporation\PhysX\Common;C:\Program Files\NVIDIA Corporation\NVIDIA NvDLISR;C:\WINDOWS\system32;C:\WINDOWS;C:\WINDOWS\System32\Wbem;C:\WINDOWS\System32\WindowsPowerShell\v1.0\;C:\WINDOWS\System32\OpenSSH\;C:\Program Files\Docker\Docker\resources\bin;C:\ProgramData\DockerDesktop\version-bin;C:\Program Files\Git\cmd;C:\Program Files\MySQL\MySQL Shell 8.0\bin\;C:\Users\Dhruva's PC\AppData\Local\Microsoft\WindowsApps;C:\Users\Dhruva's PC\AppData\Local\Programs\Microsoft VS Code\bin;C:\Program Files\Java\jdk-15.0.2\bin;D:\WorkspaceJava\apache-tomcat-8.5.65\bin;C:\Program Files\heroku\bin;C:\Program Files\MongoDB\Server\5.0\bin;
USERNAME=Dhruva's PC
OS=Windows_NT
PROCESSOR_IDENTIFIER=Intel64 Family 6 Model 158 Stepping 10, GenuineIntel



---------------  S Y S T E M  ---------------

OS:
 Windows 10 , 64 bit Build 19041 (10.0.19041.1889)
OS uptime: 0 days 19:13 hours
HyperV virtualization detected

CPU: total 8 (initial active 8) (4 cores per cpu, 2 threads per core) family 6 model 158 stepping 10 microcode 0xb4, cmov, cx8, fxsr, mmx, sse, sse2, sse3, ssse3, sse4.1, sse4.2, popcnt, vzeroupper, avx, avx2, aes, clmul, erms, 3dnowpref, lzcnt, ht, tsc, tscinvbit, bmi1, bmi2, adx, fma, clflush, clflushopt

Memory: 4k page, system-wide physical 8036M (109M free)
TotalPageFile size 32612M (AvailPageFile size 2M)
current process WorkingSet (physical memory assigned to process): 91M, peak: 91M
current process commit charge ("private bytes"): 234M, peak: 234M

vm_info: Java HotSpot(TM) 64-Bit Server VM (15.0.2+7-27) for windows-amd64 JRE (15.0.2+7-27), built on Dec  7 2020 20:07:01 by "mach5one" with unknown MS VC++:1925

END.
