#
# There is insufficient memory for the Java Runtime Environment to continue.
# Native memory allocation (malloc) failed to allocate 1304016 bytes for Chunk::new
# Possible reasons:
#   The system is out of physical RAM or swap space
#   The process is running with CompressedOops enabled, and the Java Heap may be blocking the growth of the native heap
# Possible solutions:
#   Reduce memory load on the system
#   Increase physical memory or swap space
#   Check if swap backing store is full
#   Decrease Java heap size (-Xmx/-Xms)
#   Decrease number of Java threads
#   Decrease Java thread stack sizes (-Xss)
#   Set larger code cache with -XX:ReservedCodeCacheSize=
#   JVM is running with Unscaled Compressed Oops mode in which the Java heap is
#     placed in the first 4GB address space. The Java Heap base address is the
#     maximum limit for the native heap growth. Please use -XX:HeapBaseMinAddress
#     to set the Java Heap base and to place the Java Heap above 4GB virtual address.
# This output file may be truncated or incomplete.
#
#  Out of Memory Error (./open/src/hotspot/share/memory/arena.cpp:195), pid=12056, tid=16272
#
# JRE version: Java(TM) SE Runtime Environment (15.0.2+7) (build 15.0.2+7-27)
# Java VM: Java HotSpot(TM) 64-Bit Server VM (15.0.2+7-27, mixed mode, sharing, tiered, compressed oops, g1 gc, windows-amd64)
# No core dump will be written. Minidumps are not enabled by default on client versions of Windows
#

---------------  S U M M A R Y ------------

Command Line: -Dfile.encoding=UTF-8 -XX:+ShowCodeDetailsInExceptionMessages io.swagger.Swagger2SpringBoot

Host: Intel(R) Core(TM) i5-9300H CPU @ 2.40GHz, 8 cores, 7G,  Windows 10 , 64 bit Build 19041 (10.0.19041.1889)
Time: Sun Sep 11 12:56:46 2022 India Standard Time elapsed time: 3.438122 seconds (0d 0h 0m 3s)

---------------  T H R E A D  ---------------

Current thread (0x0000025ec622e790):  JavaThread "C2 CompilerThread2" daemon [_thread_in_native, id=16272, stack(0x000000d224d00000,0x000000d224e00000)]


Current CompileTask:
C2:   3438 2617   !   4       jdk.internal.loader.BuiltinClassLoader::loadClassOrNull (143 bytes)

Stack: [0x000000d224d00000,0x000000d224e00000]
Native frames: (J=compiled Java code, j=interpreted, Vv=VM code, C=native code)
V  [jvm.dll+0x62ae9a]
V  [jvm.dll+0x7817a9]
V  [jvm.dll+0x782f03]
V  [jvm.dll+0x783563]
V  [jvm.dll+0x216325]
V  [jvm.dll+0x97f3a]
V  [jvm.dll+0x9861c]
V  [jvm.dll+0x279f9f]
V  [jvm.dll+0x540794]
V  [jvm.dll+0x1f3124]
V  [jvm.dll+0x1ecaf1]
V  [jvm.dll+0x1e9867]
V  [jvm.dll+0x178567]
V  [jvm.dll+0x1f9225]
V  [jvm.dll+0x1f72cc]
V  [jvm.dll+0x74495d]
V  [jvm.dll+0x73d75a]
V  [jvm.dll+0x629c56]
C  [ucrtbase.dll+0x21bb2]
C  [KERNEL32.DLL+0x17034]
C  [ntdll.dll+0x52651]


---------------  P R O C E S S  ---------------

Threads class SMR info:
_java_thread_list=0x0000025ec5ef0880, length=13, elements={
0x0000025ea31da970, 0x0000025ec3ba73a0, 0x0000025ec3ba8710, 0x0000025ec3bc3270,
0x0000025ec3bc5c40, 0x0000025ec3bc7ea0, 0x0000025ec3bcd350, 0x0000025ec3bcdc50,
0x0000025ec3bd11f0, 0x0000025ec4627820, 0x0000025ec46287a0, 0x0000025ec55e89d0,
0x0000025ec622e790
}

Java Threads: ( => current thread )
  0x0000025ea31da970 JavaThread "main" [_thread_in_vm, id=16752, stack(0x000000d223500000,0x000000d223600000)]
  0x0000025ec3ba73a0 JavaThread "Reference Handler" daemon [_thread_blocked, id=2992, stack(0x000000d223c00000,0x000000d223d00000)]
  0x0000025ec3ba8710 JavaThread "Finalizer" daemon [_thread_blocked, id=8484, stack(0x000000d223d00000,0x000000d223e00000)]
  0x0000025ec3bc3270 JavaThread "Signal Dispatcher" daemon [_thread_blocked, id=10576, stack(0x000000d223e00000,0x000000d223f00000)]
  0x0000025ec3bc5c40 JavaThread "Attach Listener" daemon [_thread_blocked, id=11340, stack(0x000000d223f00000,0x000000d224000000)]
  0x0000025ec3bc7ea0 JavaThread "Service Thread" daemon [_thread_blocked, id=13064, stack(0x000000d224000000,0x000000d224100000)]
  0x0000025ec3bcd350 JavaThread "C2 CompilerThread0" daemon [_thread_in_native, id=444, stack(0x000000d224100000,0x000000d224200000)]
  0x0000025ec3bcdc50 JavaThread "C1 CompilerThread0" daemon [_thread_in_vm, id=19716, stack(0x000000d224200000,0x000000d224300000)]
  0x0000025ec3bd11f0 JavaThread "Sweeper thread" daemon [_thread_blocked, id=19336, stack(0x000000d224300000,0x000000d224400000)]
  0x0000025ec4627820 JavaThread "Notification Thread" daemon [_thread_blocked, id=9516, stack(0x000000d224400000,0x000000d224500000)]
  0x0000025ec46287a0 JavaThread "Common-Cleaner" daemon [_thread_blocked, id=21676, stack(0x000000d224600000,0x000000d224700000)]
  0x0000025ec55e89d0 JavaThread "C2 CompilerThread1" daemon [_thread_in_native, id=5404, stack(0x000000d224c00000,0x000000d224d00000)]
=>0x0000025ec622e790 JavaThread "C2 CompilerThread2" daemon [_thread_in_native, id=16272, stack(0x000000d224d00000,0x000000d224e00000)]

Other Threads:
  0x0000025ec3ba5380 VMThread "VM Thread" [stack: 0x000000d223b00000,0x000000d223c00000] [id=17968]
  0x0000025ec4628490 WatcherThread [stack: 0x000000d224500000,0x000000d224600000] [id=7340]
  0x0000025ea321c610 GCTaskThread "GC Thread#0" [stack: 0x000000d223600000,0x000000d223700000] [id=19828]
  0x0000025ec4c2d450 GCTaskThread "GC Thread#1" [stack: 0x000000d224800000,0x000000d224900000] [id=9948]
  0x0000025ec4c2f760 GCTaskThread "GC Thread#2" [stack: 0x000000d224900000,0x000000d224a00000] [id=604]
  0x0000025ec4c2c790 GCTaskThread "GC Thread#3" [stack: 0x000000d224a00000,0x000000d224b00000] [id=9436]
  0x0000025ea322eb50 ConcurrentGCThread "G1 Main Marker" [stack: 0x000000d223700000,0x000000d223800000] [id=500]
  0x0000025ea322f740 ConcurrentGCThread "G1 Conc#0" [stack: 0x000000d223800000,0x000000d223900000] [id=20572]
  0x0000025ec3a20090 ConcurrentGCThread "G1 Refine#0" [stack: 0x000000d223900000,0x000000d223a00000] [id=7016]
  0x0000025ec4f24190 ConcurrentGCThread "G1 Refine#1" [stack: 0x000000d224b00000,0x000000d224c00000] [id=3712]
  0x0000025ec3a20c90 ConcurrentGCThread "G1 Young RemSet Sampling" [stack: 0x000000d223a00000,0x000000d223b00000] [id=21312]

Threads with active compile tasks:
C2 CompilerThread0     3472 2525       4       org.springframework.asm.ClassReader::readCode (3579 bytes)
C1 CompilerThread0     3472 2723       3       org.springframework.context.annotation.ConfigurationClassParser::processInterfaces (107 bytes)
C2 CompilerThread1     3472 2600       4       java.lang.ClassLoader::loadClass (7 bytes)
C2 CompilerThread2     3472 2617   !   4       jdk.internal.loader.BuiltinClassLoader::loadClassOrNull (143 bytes)

VM state: not at safepoint (normal execution)

VM Mutex/Monitor currently owned by a thread: None

Heap address: 0x0000000082600000, size: 2010 MB, Compressed Oops mode: 32-bit
CDS archive(s) mapped at: [0x0000000800000000-0x0000000800b50000-0x0000000800b50000), size 11862016, SharedBaseAddress: 0x0000000800000000, ArchiveRelocationMode: 0.
Compressed class space mapped at: 0x0000000800b50000-0x0000000840b50000, size: 1073741824
Narrow klass base: 0x0000000800000000, Narrow klass shift: 3, Narrow klass range: 0x100000000

GC Precious Log:
 CPUs: 8 total, 8 available
 Memory: 8036M
 Large Page Support: Disabled
 NUMA Support: Disabled
 Compressed Oops: Enabled (32-bit)
 Heap Region Size: 1M
 Heap Min Capacity: 8M
 Heap Initial Capacity: 126M
 Heap Max Capacity: 2010M
 Pre-touch: Disabled
 Parallel Workers: 8
 Concurrent Workers: 2
 Concurrent Refinement Workers: 8
 Periodic GC: Disabled

Heap:
 garbage-first heap   total 129024K, used 69432K [0x0000000082600000, 0x0000000100000000)
  region size 1024K, 63 young (64512K), 2 survivors (2048K)
 Metaspace       used 17756K, capacity 18055K, committed 18176K, reserved 1064960K
  class space    used 2060K, capacity 2185K, committed 2304K, reserved 1048576K

Heap Regions: E=young(eden), S=young(survivor), O=old, HS=humongous(starts), HC=humongous(continues), CS=collection set, F=free, OA=open archive, CA=closed archive, TAMS=top-at-mark-start (previous, next)
|   0|0x0000000082600000, 0x0000000082700000, 0x0000000082700000|100%| O|  |TAMS 0x0000000082600000, 0x0000000082600000| Untracked 
|   1|0x0000000082700000, 0x0000000082800000, 0x0000000082800000|100%| O|  |TAMS 0x0000000082700000, 0x0000000082700000| Untracked 
|   2|0x0000000082800000, 0x0000000082900000, 0x0000000082900000|100%| O|  |TAMS 0x0000000082800000, 0x0000000082800000| Untracked 
|   3|0x0000000082900000, 0x0000000082a00000, 0x0000000082a00000|100%| O|  |TAMS 0x0000000082900000, 0x0000000082900000| Untracked 
|   4|0x0000000082a00000, 0x0000000082b00000, 0x0000000082b00000|100%| O|  |TAMS 0x0000000082a00000, 0x0000000082a00000| Untracked 
|   5|0x0000000082b00000, 0x0000000082beaa00, 0x0000000082c00000| 91%| O|  |TAMS 0x0000000082b00000, 0x0000000082b00000| Untracked 
|   6|0x0000000082c00000, 0x0000000082c00000, 0x0000000082d00000|  0%| F|  |TAMS 0x0000000082c00000, 0x0000000082c00000| Untracked 
|   7|0x0000000082d00000, 0x0000000082d00000, 0x0000000082e00000|  0%| F|  |TAMS 0x0000000082d00000, 0x0000000082d00000| Untracked 
|   8|0x0000000082e00000, 0x0000000082e00000, 0x0000000082f00000|  0%| F|  |TAMS 0x0000000082e00000, 0x0000000082e00000| Untracked 
|   9|0x0000000082f00000, 0x0000000082f00000, 0x0000000083000000|  0%| F|  |TAMS 0x0000000082f00000, 0x0000000082f00000| Untracked 
|  10|0x0000000083000000, 0x0000000083000000, 0x0000000083100000|  0%| F|  |TAMS 0x0000000083000000, 0x0000000083000000| Untracked 
|  11|0x0000000083100000, 0x0000000083100000, 0x0000000083200000|  0%| F|  |TAMS 0x0000000083100000, 0x0000000083100000| Untracked 
|  12|0x0000000083200000, 0x0000000083200000, 0x0000000083300000|  0%| F|  |TAMS 0x0000000083200000, 0x0000000083200000| Untracked 
|  13|0x0000000083300000, 0x0000000083300000, 0x0000000083400000|  0%| F|  |TAMS 0x0000000083300000, 0x0000000083300000| Untracked 
|  14|0x0000000083400000, 0x0000000083400000, 0x0000000083500000|  0%| F|  |TAMS 0x0000000083400000, 0x0000000083400000| Untracked 
|  15|0x0000000083500000, 0x0000000083500000, 0x0000000083600000|  0%| F|  |TAMS 0x0000000083500000, 0x0000000083500000| Untracked 
|  16|0x0000000083600000, 0x0000000083600000, 0x0000000083700000|  0%| F|  |TAMS 0x0000000083600000, 0x0000000083600000| Untracked 
|  17|0x0000000083700000, 0x0000000083700000, 0x0000000083800000|  0%| F|  |TAMS 0x0000000083700000, 0x0000000083700000| Untracked 
|  18|0x0000000083800000, 0x0000000083800000, 0x0000000083900000|  0%| F|  |TAMS 0x0000000083800000, 0x0000000083800000| Untracked 
|  19|0x0000000083900000, 0x0000000083900000, 0x0000000083a00000|  0%| F|  |TAMS 0x0000000083900000, 0x0000000083900000| Untracked 
|  20|0x0000000083a00000, 0x0000000083a00000, 0x0000000083b00000|  0%| F|  |TAMS 0x0000000083a00000, 0x0000000083a00000| Untracked 
|  21|0x0000000083b00000, 0x0000000083b00000, 0x0000000083c00000|  0%| F|  |TAMS 0x0000000083b00000, 0x0000000083b00000| Untracked 
|  22|0x0000000083c00000, 0x0000000083c00000, 0x0000000083d00000|  0%| F|  |TAMS 0x0000000083c00000, 0x0000000083c00000| Untracked 
|  23|0x0000000083d00000, 0x0000000083d00000, 0x0000000083e00000|  0%| F|  |TAMS 0x0000000083d00000, 0x0000000083d00000| Untracked 
|  24|0x0000000083e00000, 0x0000000083e00000, 0x0000000083f00000|  0%| F|  |TAMS 0x0000000083e00000, 0x0000000083e00000| Untracked 
|  25|0x0000000083f00000, 0x0000000083f00000, 0x0000000084000000|  0%| F|  |TAMS 0x0000000083f00000, 0x0000000083f00000| Untracked 
|  26|0x0000000084000000, 0x0000000084000000, 0x0000000084100000|  0%| F|  |TAMS 0x0000000084000000, 0x0000000084000000| Untracked 
|  27|0x0000000084100000, 0x0000000084100000, 0x0000000084200000|  0%| F|  |TAMS 0x0000000084100000, 0x0000000084100000| Untracked 
|  28|0x0000000084200000, 0x0000000084200000, 0x0000000084300000|  0%| F|  |TAMS 0x0000000084200000, 0x0000000084200000| Untracked 
|  29|0x0000000084300000, 0x0000000084300000, 0x0000000084400000|  0%| F|  |TAMS 0x0000000084300000, 0x0000000084300000| Untracked 
|  30|0x0000000084400000, 0x0000000084400000, 0x0000000084500000|  0%| F|  |TAMS 0x0000000084400000, 0x0000000084400000| Untracked 
|  31|0x0000000084500000, 0x0000000084500000, 0x0000000084600000|  0%| F|  |TAMS 0x0000000084500000, 0x0000000084500000| Untracked 
|  32|0x0000000084600000, 0x0000000084600000, 0x0000000084700000|  0%| F|  |TAMS 0x0000000084600000, 0x0000000084600000| Untracked 
|  33|0x0000000084700000, 0x0000000084700000, 0x0000000084800000|  0%| F|  |TAMS 0x0000000084700000, 0x0000000084700000| Untracked 
|  34|0x0000000084800000, 0x0000000084800000, 0x0000000084900000|  0%| F|  |TAMS 0x0000000084800000, 0x0000000084800000| Untracked 
|  35|0x0000000084900000, 0x0000000084900000, 0x0000000084a00000|  0%| F|  |TAMS 0x0000000084900000, 0x0000000084900000| Untracked 
|  36|0x0000000084a00000, 0x0000000084a00000, 0x0000000084b00000|  0%| F|  |TAMS 0x0000000084a00000, 0x0000000084a00000| Untracked 
|  37|0x0000000084b00000, 0x0000000084b00000, 0x0000000084c00000|  0%| F|  |TAMS 0x0000000084b00000, 0x0000000084b00000| Untracked 
|  38|0x0000000084c00000, 0x0000000084c00000, 0x0000000084d00000|  0%| F|  |TAMS 0x0000000084c00000, 0x0000000084c00000| Untracked 
|  39|0x0000000084d00000, 0x0000000084d00000, 0x0000000084e00000|  0%| F|  |TAMS 0x0000000084d00000, 0x0000000084d00000| Untracked 
|  40|0x0000000084e00000, 0x0000000084e00000, 0x0000000084f00000|  0%| F|  |TAMS 0x0000000084e00000, 0x0000000084e00000| Untracked 
|  41|0x0000000084f00000, 0x0000000084f00000, 0x0000000085000000|  0%| F|  |TAMS 0x0000000084f00000, 0x0000000084f00000| Untracked 
|  42|0x0000000085000000, 0x0000000085000000, 0x0000000085100000|  0%| F|  |TAMS 0x0000000085000000, 0x0000000085000000| Untracked 
|  43|0x0000000085100000, 0x0000000085100000, 0x0000000085200000|  0%| F|  |TAMS 0x0000000085100000, 0x0000000085100000| Untracked 
|  44|0x0000000085200000, 0x0000000085200000, 0x0000000085300000|  0%| F|  |TAMS 0x0000000085200000, 0x0000000085200000| Untracked 
|  45|0x0000000085300000, 0x0000000085300000, 0x0000000085400000|  0%| F|  |TAMS 0x0000000085300000, 0x0000000085300000| Untracked 
|  46|0x0000000085400000, 0x0000000085400000, 0x0000000085500000|  0%| F|  |TAMS 0x0000000085400000, 0x0000000085400000| Untracked 
|  47|0x0000000085500000, 0x0000000085500000, 0x0000000085600000|  0%| F|  |TAMS 0x0000000085500000, 0x0000000085500000| Untracked 
|  48|0x0000000085600000, 0x0000000085600000, 0x0000000085700000|  0%| F|  |TAMS 0x0000000085600000, 0x0000000085600000| Untracked 
|  49|0x0000000085700000, 0x0000000085700000, 0x0000000085800000|  0%| F|  |TAMS 0x0000000085700000, 0x0000000085700000| Untracked 
|  50|0x0000000085800000, 0x0000000085800000, 0x0000000085900000|  0%| F|  |TAMS 0x0000000085800000, 0x0000000085800000| Untracked 
|  51|0x0000000085900000, 0x0000000085900000, 0x0000000085a00000|  0%| F|  |TAMS 0x0000000085900000, 0x0000000085900000| Untracked 
|  52|0x0000000085a00000, 0x0000000085a00000, 0x0000000085b00000|  0%| F|  |TAMS 0x0000000085a00000, 0x0000000085a00000| Untracked 
|  53|0x0000000085b00000, 0x0000000085b00000, 0x0000000085c00000|  0%| F|  |TAMS 0x0000000085b00000, 0x0000000085b00000| Untracked 
|  54|0x0000000085c00000, 0x0000000085c00000, 0x0000000085d00000|  0%| F|  |TAMS 0x0000000085c00000, 0x0000000085c00000| Untracked 
|  55|0x0000000085d00000, 0x0000000085d00000, 0x0000000085e00000|  0%| F|  |TAMS 0x0000000085d00000, 0x0000000085d00000| Untracked 
|  56|0x0000000085e00000, 0x0000000085e00000, 0x0000000085f00000|  0%| F|  |TAMS 0x0000000085e00000, 0x0000000085e00000| Untracked 
|  57|0x0000000085f00000, 0x0000000085f00000, 0x0000000086000000|  0%| F|  |TAMS 0x0000000085f00000, 0x0000000085f00000| Untracked 
|  58|0x0000000086000000, 0x0000000086000000, 0x0000000086100000|  0%| F|  |TAMS 0x0000000086000000, 0x0000000086000000| Untracked 
|  59|0x0000000086100000, 0x0000000086100000, 0x0000000086200000|  0%| F|  |TAMS 0x0000000086100000, 0x0000000086100000| Untracked 
|  60|0x0000000086200000, 0x0000000086200000, 0x0000000086300000|  0%| F|  |TAMS 0x0000000086200000, 0x0000000086200000| Untracked 
|  61|0x0000000086300000, 0x0000000086300000, 0x0000000086400000|  0%| F|  |TAMS 0x0000000086300000, 0x0000000086300000| Untracked 
|  62|0x0000000086400000, 0x0000000086400000, 0x0000000086500000|  0%| F|  |TAMS 0x0000000086400000, 0x0000000086400000| Untracked 
|  63|0x0000000086500000, 0x0000000086600000, 0x0000000086600000|100%| E|  |TAMS 0x0000000086500000, 0x0000000086500000| Complete 
|  64|0x0000000086600000, 0x0000000086700000, 0x0000000086700000|100%| E|CS|TAMS 0x0000000086600000, 0x0000000086600000| Complete 
|  65|0x0000000086700000, 0x0000000086800000, 0x0000000086800000|100%| E|CS|TAMS 0x0000000086700000, 0x0000000086700000| Complete 
|  66|0x0000000086800000, 0x0000000086900000, 0x0000000086900000|100%| E|CS|TAMS 0x0000000086800000, 0x0000000086800000| Complete 
|  67|0x0000000086900000, 0x0000000086a00000, 0x0000000086a00000|100%| E|CS|TAMS 0x0000000086900000, 0x0000000086900000| Complete 
|  68|0x0000000086a00000, 0x0000000086b00000, 0x0000000086b00000|100%| E|CS|TAMS 0x0000000086a00000, 0x0000000086a00000| Complete 
|  69|0x0000000086b00000, 0x0000000086c00000, 0x0000000086c00000|100%| E|CS|TAMS 0x0000000086b00000, 0x0000000086b00000| Complete 
|  70|0x0000000086c00000, 0x0000000086d00000, 0x0000000086d00000|100%| E|CS|TAMS 0x0000000086c00000, 0x0000000086c00000| Complete 
|  71|0x0000000086d00000, 0x0000000086e00000, 0x0000000086e00000|100%| E|CS|TAMS 0x0000000086d00000, 0x0000000086d00000| Complete 
|  72|0x0000000086e00000, 0x0000000086f00000, 0x0000000086f00000|100%| E|CS|TAMS 0x0000000086e00000, 0x0000000086e00000| Complete 
|  73|0x0000000086f00000, 0x0000000087000000, 0x0000000087000000|100%| E|CS|TAMS 0x0000000086f00000, 0x0000000086f00000| Complete 
|  74|0x0000000087000000, 0x0000000087100000, 0x0000000087100000|100%| E|CS|TAMS 0x0000000087000000, 0x0000000087000000| Complete 
|  75|0x0000000087100000, 0x0000000087200000, 0x0000000087200000|100%| E|CS|TAMS 0x0000000087100000, 0x0000000087100000| Complete 
|  76|0x0000000087200000, 0x0000000087300000, 0x0000000087300000|100%| E|CS|TAMS 0x0000000087200000, 0x0000000087200000| Complete 
|  77|0x0000000087300000, 0x0000000087400000, 0x0000000087400000|100%| E|CS|TAMS 0x0000000087300000, 0x0000000087300000| Complete 
|  78|0x0000000087400000, 0x0000000087500000, 0x0000000087500000|100%| E|CS|TAMS 0x0000000087400000, 0x0000000087400000| Complete 
|  79|0x0000000087500000, 0x0000000087600000, 0x0000000087600000|100%| E|CS|TAMS 0x0000000087500000, 0x0000000087500000| Complete 
|  80|0x0000000087600000, 0x0000000087700000, 0x0000000087700000|100%| E|CS|TAMS 0x0000000087600000, 0x0000000087600000| Complete 
|  81|0x0000000087700000, 0x0000000087800000, 0x0000000087800000|100%| E|CS|TAMS 0x0000000087700000, 0x0000000087700000| Complete 
|  82|0x0000000087800000, 0x0000000087900000, 0x0000000087900000|100%| E|CS|TAMS 0x0000000087800000, 0x0000000087800000| Complete 
|  83|0x0000000087900000, 0x0000000087a00000, 0x0000000087a00000|100%| E|CS|TAMS 0x0000000087900000, 0x0000000087900000| Complete 
|  84|0x0000000087a00000, 0x0000000087b00000, 0x0000000087b00000|100%| E|CS|TAMS 0x0000000087a00000, 0x0000000087a00000| Complete 
|  85|0x0000000087b00000, 0x0000000087c00000, 0x0000000087c00000|100%| E|CS|TAMS 0x0000000087b00000, 0x0000000087b00000| Complete 
|  86|0x0000000087c00000, 0x0000000087d00000, 0x0000000087d00000|100%| E|CS|TAMS 0x0000000087c00000, 0x0000000087c00000| Complete 
|  87|0x0000000087d00000, 0x0000000087e00000, 0x0000000087e00000|100%| E|CS|TAMS 0x0000000087d00000, 0x0000000087d00000| Complete 
|  88|0x0000000087e00000, 0x0000000087f00000, 0x0000000087f00000|100%| E|CS|TAMS 0x0000000087e00000, 0x0000000087e00000| Complete 
|  89|0x0000000087f00000, 0x0000000088000000, 0x0000000088000000|100%| E|CS|TAMS 0x0000000087f00000, 0x0000000087f00000| Complete 
|  90|0x0000000088000000, 0x0000000088100000, 0x0000000088100000|100%| E|CS|TAMS 0x0000000088000000, 0x0000000088000000| Complete 
|  91|0x0000000088100000, 0x0000000088200000, 0x0000000088200000|100%| E|CS|TAMS 0x0000000088100000, 0x0000000088100000| Complete 
|  92|0x0000000088200000, 0x0000000088300000, 0x0000000088300000|100%| E|CS|TAMS 0x0000000088200000, 0x0000000088200000| Complete 
|  93|0x0000000088300000, 0x0000000088400000, 0x0000000088400000|100%| E|CS|TAMS 0x0000000088300000, 0x0000000088300000| Complete 
|  94|0x0000000088400000, 0x0000000088500000, 0x0000000088500000|100%| E|CS|TAMS 0x0000000088400000, 0x0000000088400000| Complete 
|  95|0x0000000088500000, 0x0000000088600000, 0x0000000088600000|100%| E|CS|TAMS 0x0000000088500000, 0x0000000088500000| Complete 
|  96|0x0000000088600000, 0x0000000088700000, 0x0000000088700000|100%| E|CS|TAMS 0x0000000088600000, 0x0000000088600000| Complete 
|  97|0x0000000088700000, 0x00000000887e3958, 0x0000000088800000| 88%| S|CS|TAMS 0x0000000088700000, 0x0000000088700000| Complete 
|  98|0x0000000088800000, 0x0000000088900000, 0x0000000088900000|100%| S|CS|TAMS 0x0000000088800000, 0x0000000088800000| Complete 
|  99|0x0000000088900000, 0x0000000088a00000, 0x0000000088a00000|100%| E|CS|TAMS 0x0000000088900000, 0x0000000088900000| Complete 
| 100|0x0000000088a00000, 0x0000000088b00000, 0x0000000088b00000|100%| E|CS|TAMS 0x0000000088a00000, 0x0000000088a00000| Complete 
| 101|0x0000000088b00000, 0x0000000088c00000, 0x0000000088c00000|100%| E|CS|TAMS 0x0000000088b00000, 0x0000000088b00000| Complete 
| 102|0x0000000088c00000, 0x0000000088d00000, 0x0000000088d00000|100%| E|CS|TAMS 0x0000000088c00000, 0x0000000088c00000| Complete 
| 103|0x0000000088d00000, 0x0000000088e00000, 0x0000000088e00000|100%| E|CS|TAMS 0x0000000088d00000, 0x0000000088d00000| Complete 
| 104|0x0000000088e00000, 0x0000000088f00000, 0x0000000088f00000|100%| E|CS|TAMS 0x0000000088e00000, 0x0000000088e00000| Complete 
| 105|0x0000000088f00000, 0x0000000089000000, 0x0000000089000000|100%| E|CS|TAMS 0x0000000088f00000, 0x0000000088f00000| Complete 
| 106|0x0000000089000000, 0x0000000089100000, 0x0000000089100000|100%| E|CS|TAMS 0x0000000089000000, 0x0000000089000000| Complete 
| 107|0x0000000089100000, 0x0000000089200000, 0x0000000089200000|100%| E|CS|TAMS 0x0000000089100000, 0x0000000089100000| Complete 
| 108|0x0000000089200000, 0x0000000089300000, 0x0000000089300000|100%| E|CS|TAMS 0x0000000089200000, 0x0000000089200000| Complete 
| 109|0x0000000089300000, 0x0000000089400000, 0x0000000089400000|100%| E|CS|TAMS 0x0000000089300000, 0x0000000089300000| Complete 
| 110|0x0000000089400000, 0x0000000089500000, 0x0000000089500000|100%| E|CS|TAMS 0x0000000089400000, 0x0000000089400000| Complete 
| 111|0x0000000089500000, 0x0000000089600000, 0x0000000089600000|100%| E|CS|TAMS 0x0000000089500000, 0x0000000089500000| Complete 
| 112|0x0000000089600000, 0x0000000089700000, 0x0000000089700000|100%| E|CS|TAMS 0x0000000089600000, 0x0000000089600000| Complete 
| 113|0x0000000089700000, 0x0000000089800000, 0x0000000089800000|100%| E|CS|TAMS 0x0000000089700000, 0x0000000089700000| Complete 
| 114|0x0000000089800000, 0x0000000089900000, 0x0000000089900000|100%| E|CS|TAMS 0x0000000089800000, 0x0000000089800000| Complete 
| 115|0x0000000089900000, 0x0000000089a00000, 0x0000000089a00000|100%| E|CS|TAMS 0x0000000089900000, 0x0000000089900000| Complete 
| 116|0x0000000089a00000, 0x0000000089b00000, 0x0000000089b00000|100%| E|CS|TAMS 0x0000000089a00000, 0x0000000089a00000| Complete 
| 117|0x0000000089b00000, 0x0000000089c00000, 0x0000000089c00000|100%| E|CS|TAMS 0x0000000089b00000, 0x0000000089b00000| Complete 
| 118|0x0000000089c00000, 0x0000000089d00000, 0x0000000089d00000|100%| E|CS|TAMS 0x0000000089c00000, 0x0000000089c00000| Complete 
| 119|0x0000000089d00000, 0x0000000089e00000, 0x0000000089e00000|100%| E|CS|TAMS 0x0000000089d00000, 0x0000000089d00000| Complete 
| 120|0x0000000089e00000, 0x0000000089f00000, 0x0000000089f00000|100%| E|CS|TAMS 0x0000000089e00000, 0x0000000089e00000| Complete 
| 121|0x0000000089f00000, 0x000000008a000000, 0x000000008a000000|100%| E|CS|TAMS 0x0000000089f00000, 0x0000000089f00000| Complete 
| 122|0x000000008a000000, 0x000000008a100000, 0x000000008a100000|100%| E|CS|TAMS 0x000000008a000000, 0x000000008a000000| Complete 
| 123|0x000000008a100000, 0x000000008a200000, 0x000000008a200000|100%| E|CS|TAMS 0x000000008a100000, 0x000000008a100000| Complete 
| 124|0x000000008a200000, 0x000000008a300000, 0x000000008a300000|100%| E|CS|TAMS 0x000000008a200000, 0x000000008a200000| Complete 
| 125|0x000000008a300000, 0x000000008a400000, 0x000000008a400000|100%| E|CS|TAMS 0x000000008a300000, 0x000000008a300000| Complete 

Card table byte_map: [0x0000025ebca40000,0x0000025ebce30000] _byte_map_base: 0x0000025ebc62d000

Marking Bits (Prev, Next): (CMBitMap*) 0x0000025ea321ce80, (CMBitMap*) 0x0000025ea321cec0
 Prev Bits: [0x0000025ebd220000, 0x0000025ebf188000)
 Next Bits: [0x0000025ebf190000, 0x0000025ec10f8000)

Polling page: 0x0000025ea32b0000

Metaspace:

Usage:
  Non-class:     15.50 MB capacity,    15.33 MB ( 99%) used,   143.20 KB ( <1%) free+waste,    27.00 KB ( <1%) overhead. 
      Class:      2.13 MB capacity,     2.01 MB ( 94%) used,   111.68 KB (  5%) free+waste,    11.12 KB ( <1%) overhead. 
       Both:     17.63 MB capacity,    17.35 MB ( 98%) used,   254.88 KB (  1%) free+waste,    38.12 KB ( <1%) overhead. 

Virtual space:
  Non-class space:       16.00 MB reserved,      15.50 MB ( 97%) committed 
      Class space:        1.00 GB reserved,       2.25 MB ( <1%) committed 
             Both:        1.02 GB reserved,      17.75 MB (  2%) committed 

Chunk freelists:
   Non-Class:  2.00 KB
       Class:  23.00 KB
        Both:  25.00 KB

MaxMetaspaceSize: 17179869184.00 GB
CompressedClassSpaceSize: 1.00 GB

CodeHeap 'non-profiled nmethods': size=120000Kb used=1237Kb max_used=1237Kb free=118763Kb
 bounds [0x0000025eb46c0000, 0x0000025eb4930000, 0x0000025ebbbf0000]
CodeHeap 'profiled nmethods': size=120000Kb used=5895Kb max_used=5895Kb free=114104Kb
 bounds [0x0000025ead190000, 0x0000025ead760000, 0x0000025eb46c0000]
CodeHeap 'non-nmethods': size=5760Kb used=1208Kb max_used=1281Kb free=4551Kb
 bounds [0x0000025eacbf0000, 0x0000025eace60000, 0x0000025ead190000]
 total_blobs=3178 nmethods=2701 adapters=389
 compilation: enabled
              stopped_count=0, restarted_count=0
 full_count=0

Compilation events (20 events):
Event: 3.414 Thread 0x0000025ec3bcdc50 nmethod 2703 0x0000025ead743f90 code [0x0000025ead744240, 0x0000025ead745268]
Event: 3.414 Thread 0x0000025ec3bcdc50 2705       1       java.lang.reflect.Constructor::getModifiers (5 bytes)
Event: 3.414 Thread 0x0000025ec3bcdc50 nmethod 2705 0x0000025eb47f4b10 code [0x0000025eb47f4ca0, 0x0000025eb47f4d58]
Event: 3.414 Thread 0x0000025ec3bcdc50 2706   !   3       org.springframework.util.ClassUtils::forName (268 bytes)
Event: 3.417 Thread 0x0000025ec3bcdc50 nmethod 2706 0x0000025ead745710 code [0x0000025ead745cc0, 0x0000025ead7486a8]
Event: 3.417 Thread 0x0000025ec3bcdc50 2708       3       java.lang.ProcessEnvironment::get (6 bytes)
Event: 3.418 Thread 0x0000025ec3bcdc50 nmethod 2708 0x0000025ead749690 code [0x0000025ead749880, 0x0000025ead749e38]
Event: 3.418 Thread 0x0000025ec3bcdc50 2709       3       java.lang.ProcessEnvironment::get (12 bytes)
Event: 3.418 Thread 0x0000025ec3bcdc50 nmethod 2709 0x0000025ead74a010 code [0x0000025ead74a200, 0x0000025ead74a758]
Event: 3.418 Thread 0x0000025ec3bcdc50 2710       3       org.springframework.core.type.classreading.RecursiveAnnotationArrayVisitor::visitEnd (46 bytes)
Event: 3.418 Thread 0x0000025ec3bcdc50 nmethod 2710 0x0000025ead74a910 code [0x0000025ead74aae0, 0x0000025ead74b018]
Event: 3.418 Thread 0x0000025ec3bcdc50 2707       3       org.springframework.util.ClassUtils::resolvePrimitiveClassName (30 bytes)
Event: 3.419 Thread 0x0000025ec3bcdc50 nmethod 2707 0x0000025ead74b190 code [0x0000025ead74b360, 0x0000025ead74b868]
Event: 3.419 Thread 0x0000025ec3bcdc50 2712       3       org.springframework.core.env.SystemEnvironmentPropertySource::containsProperty (14 bytes)
Event: 3.419 Thread 0x0000025ec3bcdc50 nmethod 2712 0x0000025ead74ba10 code [0x0000025ead74bbc0, 0x0000025ead74bd68]
Event: 3.419 Thread 0x0000025ec3bcdc50 2711       3       org.springframework.core.env.AbstractEnvironment::containsProperty (11 bytes)
Event: 3.419 Thread 0x0000025ec3bcdc50 nmethod 2711 0x0000025ead74be10 code [0x0000025ead74bfc0, 0x0000025ead74c188]
Event: 3.423 Thread 0x0000025ec3bcdc50 2713       3       org.springframework.context.annotation.AnnotationConfigUtils::attributesForRepeatable (13 bytes)
Event: 3.423 Thread 0x0000025ec3bcdc50 nmethod 2713 0x0000025ead74c290 code [0x0000025ead74c460, 0x0000025ead74c788]
Event: 3.423 Thread 0x0000025ec3bcdc50 2714       3       org.springframework.context.annotation.AnnotationConfigUtils::attributesForRepeatable (103 bytes)

GC Heap History (4 events):
Event: 1.946 GC heap before
{Heap before GC invocations=0 (full 0):
 garbage-first heap   total 129024K, used 22528K [0x0000000082600000, 0x0000000100000000)
  region size 1024K, 23 young (23552K), 0 survivors (0K)
 Metaspace       used 6691K, capacity 7669K, committed 7808K, reserved 1056768K
  class space    used 819K, capacity 887K, committed 896K, reserved 1048576K
}
Event: 1.953 GC heap after
{Heap after GC invocations=1 (full 0):
 garbage-first heap   total 129024K, used 5965K [0x0000000082600000, 0x0000000100000000)
  region size 1024K, 3 young (3072K), 3 survivors (3072K)
 Metaspace       used 6691K, capacity 7669K, committed 7808K, reserved 1056768K
  class space    used 819K, capacity 887K, committed 896K, reserved 1048576K
}
Event: 2.328 GC heap before
{Heap before GC invocations=1 (full 0):
 garbage-first heap   total 129024K, used 30541K [0x0000000082600000, 0x0000000100000000)
  region size 1024K, 27 young (27648K), 3 survivors (3072K)
 Metaspace       used 13324K, capacity 13504K, committed 13696K, reserved 1060864K
  class space    used 1558K, capacity 1624K, committed 1664K, reserved 1048576K
}
Event: 2.336 GC heap after
{Heap after GC invocations=2 (full 0):
 garbage-first heap   total 129024K, used 7992K [0x0000000082600000, 0x0000000100000000)
  region size 1024K, 2 young (2048K), 2 survivors (2048K)
 Metaspace       used 13324K, capacity 13504K, committed 13696K, reserved 1060864K
  class space    used 1558K, capacity 1624K, committed 1664K, reserved 1048576K
}

Deoptimization events (20 events):
Event: 3.111 Thread 0x0000025ea31da970 DEOPT PACKING pc=0x0000025eb47c3c08 sp=0x000000d2235fde20
Event: 3.111 Thread 0x0000025ea31da970 DEOPT UNPACKING pc=0x0000025eacc3e42f sp=0x000000d2235fdcf8 mode 2
Event: 3.111 Thread 0x0000025ea31da970 Uncommon trap: trap_request=0xffffffbe fr.pc=0x0000025eb47c3c08 relative=0x0000000000000b28
Event: 3.111 Thread 0x0000025ea31da970 Uncommon trap: reason=profile_predicate action=maybe_recompile pc=0x0000025eb47c3c08 method=jdk.internal.jimage.ImageStringsReader.charsFromByteBuffer([CLjava/nio/ByteBuffer;)V @ 6 c2
Event: 3.111 Thread 0x0000025ea31da970 DEOPT PACKING pc=0x0000025eb47c3c08 sp=0x000000d2235fde20
Event: 3.111 Thread 0x0000025ea31da970 DEOPT UNPACKING pc=0x0000025eacc3e42f sp=0x000000d2235fdcf8 mode 2
Event: 3.111 Thread 0x0000025ea31da970 Uncommon trap: trap_request=0xffffffbe fr.pc=0x0000025eb47c3c08 relative=0x0000000000000b28
Event: 3.111 Thread 0x0000025ea31da970 Uncommon trap: reason=profile_predicate action=maybe_recompile pc=0x0000025eb47c3c08 method=jdk.internal.jimage.ImageStringsReader.charsFromByteBuffer([CLjava/nio/ByteBuffer;)V @ 6 c2
Event: 3.111 Thread 0x0000025ea31da970 DEOPT PACKING pc=0x0000025eb47c3c08 sp=0x000000d2235fde20
Event: 3.111 Thread 0x0000025ea31da970 DEOPT UNPACKING pc=0x0000025eacc3e42f sp=0x000000d2235fdcf8 mode 2
Event: 3.111 Thread 0x0000025ea31da970 Uncommon trap: trap_request=0xffffffbe fr.pc=0x0000025eb47c3c08 relative=0x0000000000000b28
Event: 3.111 Thread 0x0000025ea31da970 Uncommon trap: reason=profile_predicate action=maybe_recompile pc=0x0000025eb47c3c08 method=jdk.internal.jimage.ImageStringsReader.charsFromByteBuffer([CLjava/nio/ByteBuffer;)V @ 6 c2
Event: 3.111 Thread 0x0000025ea31da970 DEOPT PACKING pc=0x0000025eb47c3c08 sp=0x000000d2235fde20
Event: 3.111 Thread 0x0000025ea31da970 DEOPT UNPACKING pc=0x0000025eacc3e42f sp=0x000000d2235fdcf8 mode 2
Event: 3.212 Thread 0x0000025ec7ba40a0 Uncommon trap: trap_request=0xffffff45 fr.pc=0x0000025eb4752b94 relative=0x0000000000000454
Event: 3.212 Thread 0x0000025ec7ba40a0 Uncommon trap: reason=unstable_if action=reinterpret pc=0x0000025eb4752b94 method=java.util.jar.Manifest$FastInputStream.readLine([BII)I @ 106 c2
Event: 3.212 Thread 0x0000025ec7ba40a0 DEOPT PACKING pc=0x0000025eb4752b94 sp=0x000000d2247fe750
Event: 3.212 Thread 0x0000025ec7ba40a0 DEOPT UNPACKING pc=0x0000025eacc3e42f sp=0x000000d2247fe6e0 mode 2
Event: 3.390 Thread 0x0000025ea31da970 DEOPT PACKING pc=0x0000025ead440719 sp=0x000000d2235fe700
Event: 3.390 Thread 0x0000025ea31da970 DEOPT UNPACKING pc=0x0000025eacc3e23f sp=0x000000d2235fdbf8 mode 0

Classes unloaded (0 events):
No events

Classes redefined (0 events):
No events

Internal exceptions (20 events):
Event: 1.257 Thread 0x0000025ea31da970 Exception <a 'java/lang/NoSuchMethodError'{0x00000000892bfb88}: 'java.lang.Object java.lang.invoke.DirectMethodHandle$Holder.invokeInterface(java.lang.Object, java.lang.Object)'> (0x00000000892bfb88) 
thrown [./open/src/hotspot/share/interpreter/linkResolver.cpp, line 782]
Event: 1.257 Thread 0x0000025ea31da970 Exception <a 'java/lang/IncompatibleClassChangeError'{0x00000000892c3580}: Found class java.lang.Object, but interface was expected> (0x00000000892c3580) 
thrown [./open/src/hotspot/share/interpreter/linkResolver.cpp, line 848]
Event: 1.269 Thread 0x0000025ea31da970 Exception <a 'java/lang/ClassNotFoundException'{0x00000000892f0278}: org/springframework/boot/SpringApplicationCustomizer> (0x00000000892f0278) 
thrown [./open/src/hotspot/share/classfile/systemDictionary.cpp, line 295]
Event: 1.422 Thread 0x0000025ea31da970 Exception <a 'java/lang/NoSuchMethodError'{0x0000000089019178}: 'java.lang.Object java.lang.invoke.DirectMethodHandle$Holder.invokeStaticInit(java.lang.Object, java.lang.Object, java.lang.Object)'> (0x0000000089019178) 
thrown [./open/src/hotspot/share/interpreter/linkResolver.cpp, line 782]
Event: 1.486 Thread 0x0000025ea31da970 Exception <a 'java/lang/NoSuchMethodError'{0x000000008903f3b0}: 'int java.lang.invoke.DirectMethodHandle$Holder.invokeSpecial(java.lang.Object, java.lang.Object, java.lang.Object)'> (0x000000008903f3b0) 
thrown [./open/src/hotspot/share/interpreter/linkResolver.cpp, line 782]
Event: 1.993 Thread 0x0000025ea31da970 Exception <a 'java/lang/NoSuchMethodError'{0x000000008a0fa3f0}: 'java.lang.Object java.lang.invoke.DirectMethodHandle$Holder.newInvokeSpecial(java.lang.Object, java.lang.Object, java.lang.Object, java.lang.Object, java.lang.Object)'> (0x000000008a0fa3f0) 
thrown [./open/src/hotspot/share/interpreter/linkResolver.cpp, line 782]
Event: 2.017 Thread 0x0000025ea31da970 Exception <a 'java/lang/NoSuchMethodError'{0x0000000089c0e8a8}: 'org.slf4j.impl.StaticMDCBinder org.slf4j.impl.StaticMDCBinder.getSingleton()'> (0x0000000089c0e8a8) 
thrown [./open/src/hotspot/share/interpreter/linkResolver.cpp, line 782]
Event: 2.018 Thread 0x0000025ea31da970 Implicit null exception at 0x0000025eb471590f to 0x0000025eb4715b38
Event: 2.156 Thread 0x0000025ea31da970 Exception <a 'java/lang/ClassNotFoundException'{0x00000000894d04d8}: java/lang/ObjectCustomizer> (0x00000000894d04d8) 
thrown [./open/src/hotspot/share/classfile/systemDictionary.cpp, line 295]
Event: 2.157 Thread 0x0000025ea31da970 Exception <a 'java/lang/ClassNotFoundException'{0x00000000894d6560}: org/springframework/context/annotation/ConfigurationClassPostProcessorCustomizer> (0x00000000894d6560) 
thrown [./open/src/hotspot/share/classfile/systemDictionary.cpp, line 295]
Event: 2.159 Thread 0x0000025ea31da970 Exception <a 'java/lang/ClassNotFoundException'{0x00000000894e84f8}: org/springframework/beans/factory/support/BeanDefinitionRegistryPostProcessorCustomizer> (0x00000000894e84f8) 
thrown [./open/src/hotspot/share/classfile/systemDictionary.cpp, line 295]
Event: 2.159 Thread 0x0000025ea31da970 Exception <a 'java/lang/ClassNotFoundException'{0x00000000894eb9d0}: org/springframework/core/PriorityOrderedCustomizer> (0x00000000894eb9d0) 
thrown [./open/src/hotspot/share/classfile/systemDictionary.cpp, line 295]
Event: 2.159 Thread 0x0000025ea31da970 Exception <a 'java/lang/ClassNotFoundException'{0x00000000894ee090}: org/springframework/context/ResourceLoaderAwareCustomizer> (0x00000000894ee090) 
thrown [./open/src/hotspot/share/classfile/systemDictionary.cpp, line 295]
Event: 2.160 Thread 0x0000025ea31da970 Exception <a 'java/lang/ClassNotFoundException'{0x00000000894f1a10}: org/springframework/beans/factory/BeanClassLoaderAwareCustomizer> (0x00000000894f1a10) 
thrown [./open/src/hotspot/share/classfile/systemDictionary.cpp, line 295]
Event: 2.160 Thread 0x0000025ea31da970 Exception <a 'java/lang/ClassNotFoundException'{0x00000000894f5278}: org/springframework/context/EnvironmentAwareCustomizer> (0x00000000894f5278) 
thrown [./open/src/hotspot/share/classfile/systemDictionary.cpp, line 295]
Event: 2.496 Thread 0x0000025ec5105880 Exception <a 'java/lang/NoSuchMethodError'{0x0000000089cd8e18}: 'int java.lang.invoke.DirectMethodHandle$Holder.invokeInterface(java.lang.Object, java.lang.Object)'> (0x0000000089cd8e18) 
thrown [./open/src/hotspot/share/interpreter/linkResolver.cpp, line 782]
Event: 2.497 Thread 0x0000025ec5105880 Exception <a 'java/lang/IncompatibleClassChangeError'{0x0000000089cdc610}: Found class java.lang.Object, but interface was expected> (0x0000000089cdc610) 
thrown [./open/src/hotspot/share/interpreter/linkResolver.cpp, line 848]
Event: 2.499 Thread 0x0000025ec5105880 Exception <a 'java/lang/NoSuchMethodError'{0x0000000089ce2960}: 'void java.lang.invoke.DirectMethodHandle$Holder.invokeStatic(java.lang.Object, java.lang.Object)'> (0x0000000089ce2960) 
thrown [./open/src/hotspot/share/interpreter/linkResolver.cpp, line 782]
Event: 2.642 Thread 0x0000025ec5105880 Exception <a 'java/lang/NoSuchMethodError'{0x000000008977b4c0}: 'void java.lang.invoke.DirectMethodHandle$Holder.invokeStatic(java.lang.Object, java.lang.Object, java.lang.Object)'> (0x000000008977b4c0) 
thrown [./open/src/hotspot/share/interpreter/linkResolver.cpp, line 782]
Event: 2.896 Thread 0x0000025ec5105880 Implicit null exception at 0x0000025eb471cde0 to 0x0000025eb471ce72

Events (20 events):
Event: 2.920 Executing VM operation: ICBufferFull
Event: 2.921 Executing VM operation: ICBufferFull done
Event: 2.921 Executing VM operation: HandshakeAllThreads
Event: 2.921 Executing VM operation: HandshakeAllThreads done
Event: 2.926 loading class java/time/YearMonth
Event: 2.927 loading class java/time/YearMonth done
Event: 2.928 loading class java/time/MonthDay
Event: 2.930 loading class java/time/MonthDay done
Event: 2.937 Thread 0x0000025ec5105880 Thread exited: 0x0000025ec5105880
Event: 3.082 Loaded shared library C:\Program Files\Java\jdk-15.0.2\bin\zip.dll
Event: 3.202 Thread 0x0000025ec7ba40a0 Thread added: 0x0000025ec7ba40a0
Event: 3.223 loading class javax/naming/ldap/LdapContext
Event: 3.223 loading class javax/naming/directory/DirContext
Event: 3.223 loading class javax/naming/directory/DirContext done
Event: 3.223 loading class javax/naming/ldap/LdapContext done
Event: 3.224 Thread 0x0000025ec7ba40a0 Thread exited: 0x0000025ec7ba40a0
Event: 3.277 loading class java/security/cert/URICertStoreParameters
Event: 3.278 loading class java/security/cert/CertStoreParameters
Event: 3.278 loading class java/security/cert/CertStoreParameters done
Event: 3.278 loading class java/security/cert/URICertStoreParameters done


Dynamic libraries:
0x00007ff683150000 - 0x00007ff68315f000 	C:\Program Files\Java\jdk-15.0.2\bin\javaw.exe
0x00007ffc19390000 - 0x00007ffc19588000 	C:\WINDOWS\SYSTEM32\ntdll.dll
0x00007ffc17a80000 - 0x00007ffc17b3d000 	C:\WINDOWS\System32\KERNEL32.DLL
0x00007ffc16ba0000 - 0x00007ffc16e6e000 	C:\WINDOWS\System32\KERNELBASE.dll
0x00007ffc16ea0000 - 0x00007ffc16fa0000 	C:\WINDOWS\System32\ucrtbase.dll
0x00007ffbfcfc0000 - 0x00007ffbfcfd9000 	C:\Program Files\Java\jdk-15.0.2\bin\VCRUNTIME140.dll
0x00007ffbfcfe0000 - 0x00007ffbfcff8000 	C:\Program Files\Java\jdk-15.0.2\bin\jli.dll
0x00007ffc17890000 - 0x00007ffc1793e000 	C:\WINDOWS\System32\ADVAPI32.dll
0x00007ffc18500000 - 0x00007ffc1859e000 	C:\WINDOWS\System32\msvcrt.dll
0x00007ffc17530000 - 0x00007ffc175cc000 	C:\WINDOWS\System32\sechost.dll
0x00007ffc17940000 - 0x00007ffc17a65000 	C:\WINDOWS\System32\RPCRT4.dll
0x00007ffc185a0000 - 0x00007ffc18740000 	C:\WINDOWS\System32\USER32.dll
0x00007ffc01f50000 - 0x00007ffc021ea000 	C:\WINDOWS\WinSxS\amd64_microsoft.windows.common-controls_6595b64144ccf1df_6.0.19041.1110_none_60b5254171f9507e\COMCTL32.dll
0x00007ffc17260000 - 0x00007ffc17282000 	C:\WINDOWS\System32\win32u.dll
0x00007ffc19320000 - 0x00007ffc1934a000 	C:\WINDOWS\System32\GDI32.dll
0x00007ffc170e0000 - 0x00007ffc171eb000 	C:\WINDOWS\System32\gdi32full.dll
0x00007ffc16ab0000 - 0x00007ffc16b4d000 	C:\WINDOWS\System32\msvcp_win.dll
0x00007ffc108d0000 - 0x00007ffc108da000 	C:\WINDOWS\SYSTEM32\VERSION.dll
0x00007ffc19210000 - 0x00007ffc19240000 	C:\WINDOWS\System32\IMM32.DLL
0x00007ffc12040000 - 0x00007ffc1204c000 	C:\Program Files\Java\jdk-15.0.2\bin\vcruntime140_1.dll
0x00007ffbde130000 - 0x00007ffbde1c1000 	C:\Program Files\Java\jdk-15.0.2\bin\msvcp140.dll
0x00007ffbb0fb0000 - 0x00007ffbb1b0e000 	C:\Program Files\Java\jdk-15.0.2\bin\server\jvm.dll
0x00007ffc17520000 - 0x00007ffc17528000 	C:\WINDOWS\System32\PSAPI.DLL
0x00007ffc05640000 - 0x00007ffc05667000 	C:\WINDOWS\SYSTEM32\WINMM.dll
0x00007ffbfd030000 - 0x00007ffbfd039000 	C:\WINDOWS\SYSTEM32\WSOCK32.dll
0x00007ffc17b40000 - 0x00007ffc17bab000 	C:\WINDOWS\System32\WS2_32.dll
0x00007ffc15350000 - 0x00007ffc15362000 	C:\WINDOWS\SYSTEM32\kernel.appcore.dll
0x00007ffbfcfb0000 - 0x00007ffbfcfba000 	C:\Program Files\Java\jdk-15.0.2\bin\jimage.dll
0x00007ffc146b0000 - 0x00007ffc14894000 	C:\WINDOWS\SYSTEM32\DBGHELP.DLL
0x00007ffbfffa0000 - 0x00007ffbfffcc000 	C:\WINDOWS\SYSTEM32\dbgcore.DLL
0x00007ffc17050000 - 0x00007ffc170d2000 	C:\WINDOWS\System32\bcryptPrimitives.dll
0x00007ffbeb3b0000 - 0x00007ffbeb3d5000 	C:\Program Files\Java\jdk-15.0.2\bin\java.dll
0x00007ffc18aa0000 - 0x00007ffc191e4000 	C:\WINDOWS\System32\SHELL32.dll
0x00007ffc14b30000 - 0x00007ffc152c4000 	C:\WINDOWS\SYSTEM32\windows.storage.dll
0x00007ffc18740000 - 0x00007ffc18a94000 	C:\WINDOWS\System32\combase.dll
0x00007ffc164f0000 - 0x00007ffc16520000 	C:\WINDOWS\SYSTEM32\Wldp.dll
0x00007ffc17dc0000 - 0x00007ffc17e6d000 	C:\WINDOWS\System32\SHCORE.dll
0x00007ffc17bb0000 - 0x00007ffc17c05000 	C:\WINDOWS\System32\shlwapi.dll
0x00007ffc169f0000 - 0x00007ffc16a0f000 	C:\WINDOWS\SYSTEM32\profapi.dll
0x00007ffbec080000 - 0x00007ffbec099000 	C:\Program Files\Java\jdk-15.0.2\bin\net.dll
0x00007ffc0f4b0000 - 0x00007ffc0f5ba000 	C:\WINDOWS\SYSTEM32\WINHTTP.dll
0x00007ffc16210000 - 0x00007ffc1627a000 	C:\WINDOWS\system32\mswsock.dll
0x00007ffbeb390000 - 0x00007ffbeb3a2000 	C:\Program Files\Java\jdk-15.0.2\bin\nio.dll
0x00007ffbe9a70000 - 0x00007ffbe9a88000 	C:\Program Files\Java\jdk-15.0.2\bin\zip.dll
0x00007ffbf0f50000 - 0x00007ffbf0f60000 	C:\Program Files\Java\jdk-15.0.2\bin\verify.dll
0x00007ffbf8220000 - 0x00007ffbf8229000 	C:\Program Files\Java\jdk-15.0.2\bin\management.dll
0x00007ffbeb5a0000 - 0x00007ffbeb5ab000 	C:\Program Files\Java\jdk-15.0.2\bin\management_ext.dll
0x00007ffbf8930000 - 0x00007ffbf8947000 	C:\WINDOWS\system32\napinsp.dll
0x00007ffbf88c0000 - 0x00007ffbf88db000 	C:\WINDOWS\system32\pnrpnsp.dll
0x00007ffc113b0000 - 0x00007ffc113c5000 	C:\WINDOWS\system32\wshbth.dll
0x00007ffc11c90000 - 0x00007ffc11cad000 	C:\WINDOWS\system32\NLAapi.dll
0x00007ffc15ed0000 - 0x00007ffc15f0b000 	C:\WINDOWS\SYSTEM32\IPHLPAPI.DLL
0x00007ffc15f10000 - 0x00007ffc15fda000 	C:\WINDOWS\SYSTEM32\DNSAPI.dll
0x00007ffc17880000 - 0x00007ffc17888000 	C:\WINDOWS\System32\NSI.dll
0x00007ffbf8230000 - 0x00007ffbf8242000 	C:\WINDOWS\System32\winrnr.dll
0x00007ffc0f2d0000 - 0x00007ffc0f2da000 	C:\Windows\System32\rasadhlp.dll
0x00007ffc0ca60000 - 0x00007ffc0cae0000 	C:\WINDOWS\System32\fwpuclnt.dll
0x00007ffc16e70000 - 0x00007ffc16e97000 	C:\WINDOWS\System32\bcrypt.dll

dbghelp: loaded successfully - version: 4.0.5 - missing functions: none
symbol engine: initialized successfully - sym options: 0x614 - pdb path: .;C:\Program Files\Java\jdk-15.0.2\bin;C:\WINDOWS\SYSTEM32;C:\WINDOWS\WinSxS\amd64_microsoft.windows.common-controls_6595b64144ccf1df_6.0.19041.1110_none_60b5254171f9507e;C:\Program Files\Java\jdk-15.0.2\bin\server

VM Arguments:
jvm_args: -Dfile.encoding=UTF-8 -XX:+ShowCodeDetailsInExceptionMessages 
java_command: io.swagger.Swagger2SpringBoot
java_class_path (initial): D:\WorkspaceJava\spring-server\target\classes;C:\Users\Dhruva's PC\.m2\repository\org\springframework\boot\spring-boot-starter-web\1.5.9.RELEASE\spring-boot-starter-web-1.5.9.RELEASE.jar;C:\Users\Dhruva's PC\.m2\repository\org\springframework\boot\spring-boot-starter\1.5.9.RELEASE\spring-boot-starter-1.5.9.RELEASE.jar;C:\Users\Dhruva's PC\.m2\repository\org\springframework\boot\spring-boot\1.5.9.RELEASE\spring-boot-1.5.9.RELEASE.jar;C:\Users\Dhruva's PC\.m2\repository\org\springframework\boot\spring-boot-autoconfigure\1.5.9.RELEASE\spring-boot-autoconfigure-1.5.9.RELEASE.jar;C:\Users\Dhruva's PC\.m2\repository\org\springframework\boot\spring-boot-starter-logging\1.5.9.RELEASE\spring-boot-starter-logging-1.5.9.RELEASE.jar;C:\Users\Dhruva's PC\.m2\repository\ch\qos\logback\logback-classic\1.1.11\logback-classic-1.1.11.jar;C:\Users\Dhruva's PC\.m2\repository\ch\qos\logback\logback-core\1.1.11\logback-core-1.1.11.jar;C:\Users\Dhruva's PC\.m2\repository\org\slf4j\jul-to-slf4j\1.7.25\jul-to-slf4j-1.7.25.jar;C:\Users\Dhruva's PC\.m2\repository\org\slf4j\log4j-over-slf4j\1.7.25\log4j-over-slf4j-1.7.25.jar;C:\Users\Dhruva's PC\.m2\repository\org\yaml\snakeyaml\1.17\snakeyaml-1.17.jar;C:\Users\Dhruva's PC\.m2\repository\org\hibernate\hibernate-validator\5.3.6.Final\hibernate-validator-5.3.6.Final.jar;C:\Users\Dhruva's PC\.m2\repository\org\jboss\logging\jboss-logging\3.3.1.Final\jboss-logging-3.3.1.Final.jar;C:\Users\Dhruva's PC\.m2\repository\com\fasterxml\jackson\core\jackson-databind\2.8.10\jackson-databind-2.8.10.jar;C:\Users\Dhruva's PC\.m2\repository\com\fasterxml\jackson\core\jackson-annotations\2.8.0\jackson-annotations-2.8.0.jar;C:\Users\Dhruva's PC\.m2\repository\org\springframework\spring-web\4.3.13.RELEASE\spring-web-4.3.13.RELEASE.jar;C:\Users\Dhruva's PC\.m2\repository\org\springframework\spring-aop\4.3.13.RELEASE\spring-aop-4.3.13.RELEASE.jar;C:\Users\Dhruva's PC\.m2\repository\org\springframework\spring-beans\4.3.13.RELEASE\spring-
Launcher Type: SUN_STANDARD

[Global flags]
     intx CICompilerCount                          = 4                                         {product} {ergonomic}
     uint ConcGCThreads                            = 2                                         {product} {ergonomic}
     uint G1ConcRefinementThreads                  = 8                                         {product} {ergonomic}
   size_t G1HeapRegionSize                         = 1048576                                   {product} {ergonomic}
    uintx GCDrainStackTargetSize                   = 64                                        {product} {ergonomic}
   size_t InitialHeapSize                          = 132120576                                 {product} {ergonomic}
   size_t MarkStackSize                            = 4194304                                   {product} {ergonomic}
   size_t MaxHeapSize                              = 2107637760                                {product} {ergonomic}
   size_t MaxNewSize                               = 1264582656                                {product} {ergonomic}
   size_t MinHeapDeltaBytes                        = 1048576                                   {product} {ergonomic}
   size_t MinHeapSize                              = 8388608                                   {product} {ergonomic}
    uintx NonNMethodCodeHeapSize                   = 5839372                                {pd product} {ergonomic}
    uintx NonProfiledCodeHeapSize                  = 122909434                              {pd product} {ergonomic}
    uintx ProfiledCodeHeapSize                     = 122909434                              {pd product} {ergonomic}
    uintx ReservedCodeCacheSize                    = 251658240                              {pd product} {ergonomic}
     bool SegmentedCodeCache                       = true                                      {product} {ergonomic}
     bool ShowCodeDetailsInExceptionMessages       = true                                   {manageable} {command line}
   size_t SoftMaxHeapSize                          = 2107637760                             {manageable} {ergonomic}
     bool UseCompressedClassPointers               = true                                 {lp64_product} {ergonomic}
     bool UseCompressedOops                        = true                                 {lp64_product} {ergonomic}
     bool UseG1GC                                  = true                                      {product} {ergonomic}
     bool UseLargePagesIndividualAllocation        = false                                  {pd product} {ergonomic}

Logging:
Log output configuration:
 #0: stdout all=warning uptime,level,tags
 #1: stderr all=off uptime,level,tags

Environment Variables:
JAVA_HOME=C:\Program Files\Java\jdk-15.0.2
PATH=C:\Program Files\Common Files\Oracle\Java\javapath;C:\Windows\system32;C:\Windows;C:\Windows\System32\Wbem;C:\Windows\System32\WindowsPowerShell\v1.0\;C:\Windows\System32\OpenSSH\;C:\Program Files (x86)\NVIDIA Corporation\PhysX\Common;C:\Program Files\NVIDIA Corporation\NVIDIA NvDLISR;C:\WINDOWS\system32;C:\WINDOWS;C:\WINDOWS\System32\Wbem;C:\WINDOWS\System32\WindowsPowerShell\v1.0\;C:\WINDOWS\System32\OpenSSH\;C:\Program Files\Docker\Docker\resources\bin;C:\ProgramData\DockerDesktop\version-bin;C:\Program Files\Git\cmd;C:\Program Files\MySQL\MySQL Shell 8.0\bin\;C:\Users\Dhruva's PC\AppData\Local\Microsoft\WindowsApps;C:\Users\Dhruva's PC\AppData\Local\Programs\Microsoft VS Code\bin;C:\Program Files\Java\jdk-15.0.2\bin;D:\WorkspaceJava\apache-tomcat-8.5.65\bin;C:\Program Files\heroku\bin;C:\Program Files\MongoDB\Server\5.0\bin;
USERNAME=Dhruva's PC
OS=Windows_NT
PROCESSOR_IDENTIFIER=Intel64 Family 6 Model 158 Stepping 10, GenuineIntel



---------------  S Y S T E M  ---------------

OS:
 Windows 10 , 64 bit Build 19041 (10.0.19041.1889)
OS uptime: 0 days 19:10 hours
HyperV virtualization detected

CPU: total 8 (initial active 8) (4 cores per cpu, 2 threads per core) family 6 model 158 stepping 10 microcode 0xb4, cmov, cx8, fxsr, mmx, sse, sse2, sse3, ssse3, sse4.1, sse4.2, popcnt, vzeroupper, avx, avx2, aes, clmul, erms, 3dnowpref, lzcnt, ht, tsc, tscinvbit, bmi1, bmi2, adx, fma, clflush, clflushopt

Memory: 4k page, system-wide physical 8036M (877M free)
TotalPageFile size 32612M (AvailPageFile size 0M)
current process WorkingSet (physical memory assigned to process): 186M, peak: 186M
current process commit charge ("private bytes"): 290M, peak: 290M

vm_info: Java HotSpot(TM) 64-Bit Server VM (15.0.2+7-27) for windows-amd64 JRE (15.0.2+7-27), built on Dec  7 2020 20:07:01 by "mach5one" with unknown MS VC++:1925

END.
